#
# A fatal error has been detected by the Java Runtime Environment:
#
#  SIGSEGV (0xb) at pc=0x00000001065cd7c8, pid=53159, tid=259
#
# JRE version: Java(TM) SE Runtime Environment (17.0.3.1+2) (build 17.0.3.1+2-LTS-6)
# Java VM: Java HotSpot(TM) 64-Bit Server VM (17.0.3.1+2-LTS-6, mixed mode, sharing, tiered, compressed oops, compressed class ptrs, g1 gc, bsd-aarch64)
# Problematic frame:
# V  [libjvm.dylib+0x4b97c8]  jni_NewLocalRef+0x80
#
# No core dump will be written. Core dumps have been disabled. To enable core dumping, try "ulimit -c unlimited" before starting Java again
#
# If you would like to submit a bug report, please visit:
#   https://bugreport.java.com/bugreport/crash.jsp
#

---------------  S U M M A R Y ------------

Command Line: -javaagent:/Applications/IntelliJ IDEA.app/Contents/lib/idea_rt.jar=55021:/Applications/IntelliJ IDEA.app/Contents/bin -Dfile.encoding=UTF-8 --module-path=/Users/lizzikuchyna/.m2/repository/com/google/code/gson/gson/2.8.6/gson-2.8.6.jar:/Users/lizzikuchyna/.m2/repository/org/openjfx/javafx-fxml/17.0.2/javafx-fxml-17.0.2-mac-aarch64.jar:/Users/lizzikuchyna/.m2/repository/org/openjfx/javafx-controls/17.0.2/javafx-controls-17.0.2-mac-aarch64.jar:/Users/lizzikuchyna/.m2/repository/org/openjfx/javafx-base/17.0.2/javafx-base-17.0.2-mac-aarch64.jar:/Users/lizzikuchyna/.m2/repository/org/projectlombok/lombok/1.18.30/lombok-1.18.30.jar:/Users/lizzikuchyna/.m2/repository/org/openjfx/javafx-graphics/17.0.2/javafx-graphics-17.0.2-mac-aarch64.jar:/Users/lizzikuchyna/.m2/repository/org/openjfx/javafx-swing/19/javafx-swing-19-mac-aarch64.jar:/Users/lizzikuchyna/IdeaUltimateProj/SE/target/classes:/Users/lizzikuchyna/.m2/repository/org/jxmapviewer/jxmapviewer2/2.6/jxmapviewer2-2.6.jar -Djdk.module.main=com.example.mapsdemo com.example.mapsdemo/APP.main

Host: "MacBookAir10,1" arm64 1 MHz, 8 cores, 8G, Darwin 21.3.0, macOS 12.2.1 (21D62)
Time: Fri Dec  1 22:23:44 2023 EET elapsed time: 79.934581 seconds (0d 0h 1m 19s)

---------------  T H R E A D  ---------------

Current thread is native thread

Stack: [0x000000016a660000,0x000000016ae5c000],  sp=0x000000016ae580b0,  free space=8160k
Native frames: (J=compiled Java code, j=interpreted, Vv=VM code, C=native code)
V  [libjvm.dylib+0x4b97c8]  jni_NewLocalRef+0x80
C  [libawt_lwawt.dylib+0x11978]  -[AWTWindow _deliverMoveResizeEvent]+0xbc
C  [CoreFoundation+0x79200]  __CFNOTIFICATIONCENTER_IS_CALLING_OUT_TO_AN_OBSERVER__+0x1c
C  [CoreFoundation+0x11cb84]  ___CFXRegistrationPost_block_invoke+0x34
C  [CoreFoundation+0x11caf0]  _CFXRegistrationPost+0x1c8
C  [CoreFoundation+0x47eb0]  _CFXNotificationPost+0x2d0
C  [Foundation+0x9e3c]  -[NSNotificationCenter postNotificationName:object:userInfo:]+0x60
C  [AppKit+0x94f40]  -[NSWindow _setFrameCommon:display:fromServer:]+0xcc0
C  [libawt_lwawt.dylib+0x16b70]  __Java_sun_lwawt_macosx_CPlatformWindow_nativeSetNSWindowBounds_block_invoke+0x78
C  [libosxapp.dylib+0x5c50]  +[ThreadUtilities invokeBlockCopy:]+0x1c
C  [Foundation+0x84914]  __NSThreadPerformPerform+0xd4
C  [CoreFoundation+0x84c5c]  __CFRUNLOOP_IS_CALLING_OUT_TO_A_SOURCE0_PERFORM_FUNCTION__+0x1c
C  [CoreFoundation+0x84ba8]  __CFRunLoopDoSource0+0xd0
C  [CoreFoundation+0x84894]  __CFRunLoopDoSources0+0x10c
C  [CoreFoundation+0x83208]  __CFRunLoopRun+0x334
C  [CoreFoundation+0x82734]  CFRunLoopRunSpecific+0x258
C  [libjli.dylib+0x6fec]  CreateExecutionEnvironment+0x190
C  [libjli.dylib+0x31fc]  JLI_Launch+0x4a0
C  [java+0x3bac]  main+0x190
C  0x00000001051710f4


siginfo: si_signo: 11 (SIGSEGV), si_code: 2 (SEGV_ACCERR), si_addr: 0x0000000000000338

Registers:
 x0=0x000000012a03a600  x1=0x00000002cbdbae59  x2=0x0000000000000103  x3=0x0000600003839260
 x4=0x00006000016a0900  x5=0x0000000000000000  x6=0x000000016ae581b4  x7=0x000000016ae581a8
 x8=0x0000000000000338  x9=0x0000000000000005 x10=0x000000012f3fec40 x11=0x00000000000dfb04
x12=0x0000000000000064 x13=0x0000000000000000 x14=0x0000000100000000 x15=0x000000012bc6c931
x16=0x000000012bca0862 x17=0x000000012bbe5954 x18=0x00000001508ab940 x19=0x0000000000000000
x20=0x0000000000000000 x21=0x0000000000000000 x22=0x00000002cbdbae59 x23=0x0000000000000001
x24=0x0000600001dbee20 x25=0x0000600003723e40 x26=0x0000000000000000 x27=0x000000ef0000005b
x28=0x0000000000001400  fp=0x000000016ae58100  lr=0x00000001065cd788  sp=0x000000016ae580b0
pc=0x00000001065cd7c8 cpsr=0x0000000080001000
Top of Stack: (sp=0x000000016ae580b0)
0x000000016ae580b0:   00006000016a0900 000000012bc7f364
0x000000016ae580c0:   0000000000000103 0000600003839260
0x000000016ae580d0:   0000600001dbee20 0000600003839260
0x000000016ae580e0:   00006000016a0900 00006000016a0900
0x000000016ae580f0:   00000001065cd748 000000012a03a8a8
0x000000016ae58100:   000000016ae581b0 000000012bbe1978
0x000000016ae58110:   0000000000000000 0000000000000000
0x000000016ae58120:   0000000000000000 0000000000000000
0x000000016ae58130:   0000000000000000 0000000000000000
0x000000016ae58140:   403d000000000000 3ff0000000000000
0x000000016ae58150:   4039000000000000 0000000000000000
0x000000016ae58160:   0000000000001400 000000ef0000005b
0x000000016ae58170:   0000000000000000 0000600003723e40
0x000000016ae58180:   0000600001dbee20 0000600003839260
0x000000016ae58190:   00006000016a0900 000000016ae582c8
0x000000016ae581a0:   0000000000000000 000000016ae581f0
0x000000016ae581b0:   000000016ae581c0 0000000193909200
0x000000016ae581c0:   000000016ae581e0 8c248001939acb84
0x000000016ae581d0:   0000000000000000 0000000000000000
0x000000016ae581e0:   000000016ae582a0 af730001939acaf0
0x000000016ae581f0:   00000001eceb0998 00000000c2000000
0x000000016ae58200:   00000001939acb50 00000001ed5c9d00
0x000000016ae58210:   0000600003723e40 0000600003839260
0x000000016ae58220:   0000600001dbee20 000000ef0000005b
0x000000016ae58230:   0000000000001400 00006000016a0900
0x000000016ae58240:   0c38928ea60d0000 0c38928ea60d0061
0x000000016ae58250:   00000001ec954000 0000000000000000
0x000000016ae58260:   0000000000000000 0000000000000000
0x000000016ae58270:   000000016ae582b0 0000000000000000
0x000000016ae58280:   0000600003839260 000000016ae58ae0
0x000000016ae58290:   0000600001dbee20 000000016ae58ad0
0x000000016ae582a0:   000000016ae58c50 fa428001938d7eb0 

Instructions: (pc=0x00000001065cd7c8)
0x00000001065cd6c8:   b4000089 aa1603e0 97fd26e9 f9400ac8
0x00000001065cd6d8:   f94006c9 f9000928 f9400ec8 f94006c9
0x00000001065cd6e8:   f9000d28 f94012c8 f94006c9 f9001128
0x00000001065cd6f8:   910a2260 aa1303e1 97fa7153 d5033bbf
0x00000001065cd708:   910ce268 52800089 889ffd09 370000f7
0x00000001065cd718:   b9427a68 6b14011f 54000080 b9027a74
0x00000001065cd728:   aa1403e0 940bd4b8 aa1503e0 a9437bfd
0x00000001065cd738:   a9424ff4 a94157f6 a8c45ff8 d65f03c0
0x00000001065cd748:   d10183ff a9025ff8 a90357f6 a9044ff4
0x00000001065cd758:   a9057bfd 910143fd aa0103f6 d10aa015
0x00000001065cd768:   9102e008 b8bfc108 129bd549 0b090108
0x00000001065cd778:   7100091f 540000a3 aa1503e0 94112a85
0x00000001065cd788:   d2800015 1400000a b4000135 b9427ab3
0x00000001065cd798:   34000093 b9027abf 52800000 940bd49a
0x00000001065cd7a8:   52800017 aa1503f4 14000004 d2800014
0x00000001065cd7b8:   52800013 52800037 910ce288 528000a9
0x00000001065cd7c8:   889ffd09 d5033bbf 910d0288 f8bfc108
0x00000001065cd7d8:   36000088 aa1403e0 52800021 940deb3d
0x00000001065cd7e8:   b9432e88 35000088 b9432a88 721e051f
0x00000001065cd7f8:   54000080 aa1403e0 52800001 94112fde
0x00000001065cd808:   910ce288 528000c9 889ffd09 a9007ff4
0x00000001065cd818:   f9400688 b4000068 910003e0 940cccd0
0x00000001065cd828:   b40000d6 370000f6 900034a8 f9400908
0x00000001065cd838:   aa1603e0 14000006 d2800001 14000006
0x00000001065cd848:   d10006c0 900034c8 f946e108 d63f0100
0x00000001065cd858:   aa0003e1 aa1503e0 52800022 940104ea
0x00000001065cd868:   aa0003f5 f94007e8 b4000068 910003e0
0x00000001065cd878:   940ccce5 f9407696 f9400ac8 f9400109
0x00000001065cd888:   b4000089 aa1603e0 97fd2679 f9400ac8
0x00000001065cd898:   f94006c9 f9000928 f9400ec8 f94006c9
0x00000001065cd8a8:   f9000d28 f94012c8 f94006c9 f9001128
0x00000001065cd8b8:   910a2280 aa1403e1 97fa70e3 d5033bbf 



---------------  P R O C E S S  ---------------

VM state: not at safepoint (normal execution)

VM Mutex/Monitor currently owned by a thread: None

Heap address: 0x0000000780000000, size: 2048 MB, Compressed Oops mode: Zero based, Oop shift amount: 3

CDS archive(s) mapped at: [0x0000000800000000-0x0000000800bd8000-0x0000000800bd8000), size 12419072, SharedBaseAddress: 0x0000000800000000, ArchiveRelocationMode: 0.
Compressed class space mapped at: 0x0000000800c00000-0x0000000840c00000, reserved size: 1073741824
Narrow klass base: 0x0000000800000000, Narrow klass shift: 0, Narrow klass range: 0x100000000

GC Precious Log:
<Skipped>

Heap:
 garbage-first heap   total 156672K, used 91137K [0x0000000780000000, 0x0000000800000000)
  region size 1024K, 13 young (13312K), 5 survivors (5120K)
 Metaspace       used 33012K, committed 33472K, reserved 1081344K
  class space    used 4119K, committed 4352K, reserved 1048576K

Heap Regions: E=young(eden), S=young(survivor), O=old, HS=humongous(starts), HC=humongous(continues), CS=collection set, F=free, OA=open archive, CA=closed archive, TAMS=top-at-mark-start (previous, next)
|   0|0x0000000780000000, 0x0000000780100000, 0x0000000780100000|100%| O|  |TAMS 0x0000000780100000, 0x0000000780000000| Untracked 
|   1|0x0000000780100000, 0x0000000780200000, 0x0000000780200000|100%| O|  |TAMS 0x0000000780200000, 0x0000000780100000| Untracked 
|   2|0x0000000780200000, 0x0000000780300000, 0x0000000780300000|100%| O|  |TAMS 0x0000000780300000, 0x0000000780200000| Untracked 
|   3|0x0000000780300000, 0x0000000780400000, 0x0000000780400000|100%| O|  |TAMS 0x0000000780400000, 0x0000000780300000| Untracked 
|   4|0x0000000780400000, 0x0000000780500000, 0x0000000780500000|100%| O|  |TAMS 0x0000000780500000, 0x0000000780400000| Untracked 
|   5|0x0000000780500000, 0x0000000780600000, 0x0000000780600000|100%| O|  |TAMS 0x0000000780600000, 0x0000000780500000| Untracked 
|   6|0x0000000780600000, 0x0000000780700000, 0x0000000780700000|100%| O|  |TAMS 0x0000000780700000, 0x0000000780600000| Untracked 
|   7|0x0000000780700000, 0x0000000780800000, 0x0000000780800000|100%| O|  |TAMS 0x0000000780800000, 0x0000000780700000| Untracked 
|   8|0x0000000780800000, 0x0000000780900000, 0x0000000780900000|100%| O|  |TAMS 0x0000000780900000, 0x0000000780800000| Untracked 
|   9|0x0000000780900000, 0x0000000780a00000, 0x0000000780a00000|100%| O|  |TAMS 0x0000000780a00000, 0x0000000780900000| Untracked 
|  10|0x0000000780a00000, 0x0000000780a73e00, 0x0000000780b00000| 45%| O|  |TAMS 0x0000000780a00000, 0x0000000780a00000| Untracked 
|  11|0x0000000780b00000, 0x0000000780c00000, 0x0000000780c00000|100%| O|  |TAMS 0x0000000780c00000, 0x0000000780b00000| Untracked 
|  12|0x0000000780c00000, 0x0000000780d00000, 0x0000000780d00000|100%|HS|  |TAMS 0x0000000780d00000, 0x0000000780c00000| Complete 
|  13|0x0000000780d00000, 0x0000000780e00000, 0x0000000780e00000|100%|HC|  |TAMS 0x0000000780e00000, 0x0000000780d00000| Complete 
|  14|0x0000000780e00000, 0x0000000780f00000, 0x0000000780f00000|100%|HC|  |TAMS 0x0000000780f00000, 0x0000000780e00000| Complete 
|  15|0x0000000780f00000, 0x0000000781000000, 0x0000000781000000|100%|HC|  |TAMS 0x0000000781000000, 0x0000000780f00000| Complete 
|  16|0x0000000781000000, 0x0000000781100000, 0x0000000781100000|100%|HC|  |TAMS 0x0000000781100000, 0x0000000781000000| Complete 
|  17|0x0000000781100000, 0x0000000781200000, 0x0000000781200000|100%|HC|  |TAMS 0x0000000781200000, 0x0000000781100000| Complete 
|  18|0x0000000781200000, 0x0000000781300000, 0x0000000781300000|100%|HC|  |TAMS 0x0000000781300000, 0x0000000781200000| Complete 
|  19|0x0000000781300000, 0x0000000781400000, 0x0000000781400000|100%|HC|  |TAMS 0x0000000781400000, 0x0000000781300000| Complete 
|  20|0x0000000781400000, 0x0000000781500000, 0x0000000781500000|100%|HC|  |TAMS 0x0000000781500000, 0x0000000781400000| Complete 
|  21|0x0000000781500000, 0x0000000781600000, 0x0000000781600000|100%|HC|  |TAMS 0x0000000781600000, 0x0000000781500000| Complete 
|  22|0x0000000781600000, 0x0000000781700000, 0x0000000781700000|100%|HC|  |TAMS 0x0000000781700000, 0x0000000781600000| Complete 
|  23|0x0000000781700000, 0x0000000781800000, 0x0000000781800000|100%|HC|  |TAMS 0x0000000781800000, 0x0000000781700000| Complete 
|  24|0x0000000781800000, 0x0000000781900000, 0x0000000781900000|100%|HC|  |TAMS 0x0000000781900000, 0x0000000781800000| Complete 
|  25|0x0000000781900000, 0x0000000781a00000, 0x0000000781a00000|100%|HC|  |TAMS 0x0000000781a00000, 0x0000000781900000| Complete 
|  26|0x0000000781a00000, 0x0000000781b00000, 0x0000000781b00000|100%|HC|  |TAMS 0x0000000781b00000, 0x0000000781a00000| Complete 
|  27|0x0000000781b00000, 0x0000000781c00000, 0x0000000781c00000|100%|HC|  |TAMS 0x0000000781c00000, 0x0000000781b00000| Complete 
|  28|0x0000000781c00000, 0x0000000781d00000, 0x0000000781d00000|100%|HC|  |TAMS 0x0000000781d00000, 0x0000000781c00000| Complete 
|  29|0x0000000781d00000, 0x0000000781e00000, 0x0000000781e00000|100%|HC|  |TAMS 0x0000000781e00000, 0x0000000781d00000| Complete 
|  30|0x0000000781e00000, 0x0000000781f00000, 0x0000000781f00000|100%|HC|  |TAMS 0x0000000781f00000, 0x0000000781e00000| Complete 
|  31|0x0000000781f00000, 0x0000000782000000, 0x0000000782000000|100%|HC|  |TAMS 0x0000000782000000, 0x0000000781f00000| Complete 
|  32|0x0000000782000000, 0x0000000782100000, 0x0000000782100000|100%|HC|  |TAMS 0x0000000782100000, 0x0000000782000000| Complete 
|  33|0x0000000782100000, 0x0000000782200000, 0x0000000782200000|100%|HC|  |TAMS 0x0000000782200000, 0x0000000782100000| Complete 
|  34|0x0000000782200000, 0x0000000782300000, 0x0000000782300000|100%|HC|  |TAMS 0x0000000782300000, 0x0000000782200000| Complete 
|  35|0x0000000782300000, 0x0000000782400000, 0x0000000782400000|100%|HC|  |TAMS 0x0000000782400000, 0x0000000782300000| Complete 
|  36|0x0000000782400000, 0x0000000782500000, 0x0000000782500000|100%|HC|  |TAMS 0x0000000782500000, 0x0000000782400000| Complete 
|  37|0x0000000782500000, 0x0000000782600000, 0x0000000782600000|100%|HC|  |TAMS 0x0000000782600000, 0x0000000782500000| Complete 
|  38|0x0000000782600000, 0x0000000782700000, 0x0000000782700000|100%|HC|  |TAMS 0x0000000782700000, 0x0000000782600000| Complete 
|  39|0x0000000782700000, 0x0000000782800000, 0x0000000782800000|100%|HC|  |TAMS 0x0000000782800000, 0x0000000782700000| Complete 
|  40|0x0000000782800000, 0x0000000782900000, 0x0000000782900000|100%|HC|  |TAMS 0x0000000782900000, 0x0000000782800000| Complete 
|  41|0x0000000782900000, 0x0000000782a00000, 0x0000000782a00000|100%|HC|  |TAMS 0x0000000782a00000, 0x0000000782900000| Complete 
|  42|0x0000000782a00000, 0x0000000782b00000, 0x0000000782b00000|100%|HS|  |TAMS 0x0000000782b00000, 0x0000000782a00000| Complete 
|  43|0x0000000782b00000, 0x0000000782c00000, 0x0000000782c00000|100%|HC|  |TAMS 0x0000000782c00000, 0x0000000782b00000| Complete 
|  44|0x0000000782c00000, 0x0000000782d00000, 0x0000000782d00000|100%|HC|  |TAMS 0x0000000782d00000, 0x0000000782c00000| Complete 
|  45|0x0000000782d00000, 0x0000000782e00000, 0x0000000782e00000|100%|HC|  |TAMS 0x0000000782e00000, 0x0000000782d00000| Complete 
|  46|0x0000000782e00000, 0x0000000782f00000, 0x0000000782f00000|100%|HC|  |TAMS 0x0000000782f00000, 0x0000000782e00000| Complete 
|  47|0x0000000782f00000, 0x0000000783000000, 0x0000000783000000|100%|HC|  |TAMS 0x0000000783000000, 0x0000000782f00000| Complete 
|  48|0x0000000783000000, 0x0000000783100000, 0x0000000783100000|100%|HC|  |TAMS 0x0000000783100000, 0x0000000783000000| Complete 
|  49|0x0000000783100000, 0x0000000783200000, 0x0000000783200000|100%|HC|  |TAMS 0x0000000783200000, 0x0000000783100000| Complete 
|  50|0x0000000783200000, 0x0000000783300000, 0x0000000783300000|100%|HC|  |TAMS 0x0000000783300000, 0x0000000783200000| Complete 
|  51|0x0000000783300000, 0x0000000783400000, 0x0000000783400000|100%|HC|  |TAMS 0x0000000783400000, 0x0000000783300000| Complete 
|  52|0x0000000783400000, 0x0000000783500000, 0x0000000783500000|100%|HC|  |TAMS 0x0000000783500000, 0x0000000783400000| Complete 
|  53|0x0000000783500000, 0x0000000783600000, 0x0000000783600000|100%|HC|  |TAMS 0x0000000783600000, 0x0000000783500000| Complete 
|  54|0x0000000783600000, 0x0000000783700000, 0x0000000783700000|100%|HC|  |TAMS 0x0000000783700000, 0x0000000783600000| Complete 
|  55|0x0000000783700000, 0x0000000783800000, 0x0000000783800000|100%|HC|  |TAMS 0x0000000783800000, 0x0000000783700000| Complete 
|  56|0x0000000783800000, 0x0000000783900000, 0x0000000783900000|100%|HC|  |TAMS 0x0000000783900000, 0x0000000783800000| Complete 
|  57|0x0000000783900000, 0x0000000783a00000, 0x0000000783a00000|100%|HC|  |TAMS 0x0000000783a00000, 0x0000000783900000| Complete 
|  58|0x0000000783a00000, 0x0000000783b00000, 0x0000000783b00000|100%|HC|  |TAMS 0x0000000783b00000, 0x0000000783a00000| Complete 
|  59|0x0000000783b00000, 0x0000000783c00000, 0x0000000783c00000|100%|HC|  |TAMS 0x0000000783c00000, 0x0000000783b00000| Complete 
|  60|0x0000000783c00000, 0x0000000783d00000, 0x0000000783d00000|100%|HC|  |TAMS 0x0000000783d00000, 0x0000000783c00000| Complete 
|  61|0x0000000783d00000, 0x0000000783e00000, 0x0000000783e00000|100%|HC|  |TAMS 0x0000000783e00000, 0x0000000783d00000| Complete 
|  62|0x0000000783e00000, 0x0000000783f00000, 0x0000000783f00000|100%|HC|  |TAMS 0x0000000783f00000, 0x0000000783e00000| Complete 
|  63|0x0000000783f00000, 0x0000000784000000, 0x0000000784000000|100%|HC|  |TAMS 0x0000000784000000, 0x0000000783f00000| Complete 
|  64|0x0000000784000000, 0x0000000784100000, 0x0000000784100000|100%|HC|  |TAMS 0x0000000784100000, 0x0000000784000000| Complete 
|  65|0x0000000784100000, 0x0000000784200000, 0x0000000784200000|100%|HC|  |TAMS 0x0000000784200000, 0x0000000784100000| Complete 
|  66|0x0000000784200000, 0x0000000784300000, 0x0000000784300000|100%|HC|  |TAMS 0x0000000784300000, 0x0000000784200000| Complete 
|  67|0x0000000784300000, 0x0000000784400000, 0x0000000784400000|100%|HC|  |TAMS 0x0000000784400000, 0x0000000784300000| Complete 
|  68|0x0000000784400000, 0x0000000784500000, 0x0000000784500000|100%|HC|  |TAMS 0x0000000784500000, 0x0000000784400000| Complete 
|  69|0x0000000784500000, 0x0000000784600000, 0x0000000784600000|100%|HC|  |TAMS 0x0000000784600000, 0x0000000784500000| Complete 
|  70|0x0000000784600000, 0x0000000784700000, 0x0000000784700000|100%|HC|  |TAMS 0x0000000784700000, 0x0000000784600000| Complete 
|  71|0x0000000784700000, 0x0000000784800000, 0x0000000784800000|100%|HC|  |TAMS 0x0000000784800000, 0x0000000784700000| Complete 
|  72|0x0000000784800000, 0x0000000784900000, 0x0000000784900000|100%| O|  |TAMS 0x0000000784900000, 0x0000000784800000| Untracked 
|  73|0x0000000784900000, 0x0000000784a00000, 0x0000000784a00000|100%| O|  |TAMS 0x00000007849eb600, 0x0000000784900000| Untracked 
|  74|0x0000000784a00000, 0x0000000784b00000, 0x0000000784b00000|100%|HS|  |TAMS 0x0000000784a00000, 0x0000000784a00000| Complete 
|  75|0x0000000784b00000, 0x0000000784c00000, 0x0000000784c00000|100%|HC|  |TAMS 0x0000000784b00000, 0x0000000784b00000| Complete 
|  76|0x0000000784c00000, 0x0000000784c00000, 0x0000000784d00000|  0%| F|  |TAMS 0x0000000784c00000, 0x0000000784c00000| Untracked 
|  77|0x0000000784d00000, 0x0000000784d00000, 0x0000000784e00000|  0%| F|  |TAMS 0x0000000784d00000, 0x0000000784d00000| Untracked 
|  78|0x0000000784e00000, 0x0000000784e00000, 0x0000000784f00000|  0%| F|  |TAMS 0x0000000784e00000, 0x0000000784e00000| Untracked 
|  79|0x0000000784f00000, 0x0000000784f00000, 0x0000000785000000|  0%| F|  |TAMS 0x0000000784f00000, 0x0000000784f00000| Untracked 
|  80|0x0000000785000000, 0x0000000785000000, 0x0000000785100000|  0%| F|  |TAMS 0x0000000785000000, 0x0000000785000000| Untracked 
|  81|0x0000000785100000, 0x0000000785100000, 0x0000000785200000|  0%| F|  |TAMS 0x0000000785100000, 0x0000000785100000| Untracked 
|  82|0x0000000785200000, 0x0000000785200000, 0x0000000785300000|  0%| F|  |TAMS 0x0000000785200000, 0x0000000785200000| Untracked 
|  83|0x0000000785300000, 0x0000000785300000, 0x0000000785400000|  0%| F|  |TAMS 0x0000000785300000, 0x0000000785300000| Untracked 
|  84|0x0000000785400000, 0x0000000785400000, 0x0000000785500000|  0%| F|  |TAMS 0x0000000785400000, 0x0000000785400000| Untracked 
|  85|0x0000000785500000, 0x0000000785500000, 0x0000000785600000|  0%| F|  |TAMS 0x0000000785500000, 0x0000000785500000| Untracked 
|  86|0x0000000785600000, 0x0000000785600000, 0x0000000785700000|  0%| F|  |TAMS 0x0000000785600000, 0x0000000785600000| Untracked 
|  87|0x0000000785700000, 0x0000000785700000, 0x0000000785800000|  0%| F|  |TAMS 0x0000000785700000, 0x0000000785700000| Untracked 
|  88|0x0000000785800000, 0x0000000785800000, 0x0000000785900000|  0%| F|  |TAMS 0x0000000785800000, 0x0000000785800000| Untracked 
|  89|0x0000000785900000, 0x0000000785900000, 0x0000000785a00000|  0%| F|  |TAMS 0x0000000785900000, 0x0000000785900000| Untracked 
|  90|0x0000000785a00000, 0x0000000785a00000, 0x0000000785b00000|  0%| F|  |TAMS 0x0000000785a00000, 0x0000000785a00000| Untracked 
|  91|0x0000000785b00000, 0x0000000785b00000, 0x0000000785c00000|  0%| F|  |TAMS 0x0000000785b00000, 0x0000000785b00000| Untracked 
|  92|0x0000000785c00000, 0x0000000785c00000, 0x0000000785d00000|  0%| F|  |TAMS 0x0000000785c00000, 0x0000000785c00000| Untracked 
|  93|0x0000000785d00000, 0x0000000785d00000, 0x0000000785e00000|  0%| F|  |TAMS 0x0000000785d00000, 0x0000000785d00000| Untracked 
|  94|0x0000000785e00000, 0x0000000785e00000, 0x0000000785f00000|  0%| F|  |TAMS 0x0000000785e00000, 0x0000000785e00000| Untracked 
|  95|0x0000000785f00000, 0x0000000785f00000, 0x0000000786000000|  0%| F|  |TAMS 0x0000000785f00000, 0x0000000785f00000| Untracked 
|  96|0x0000000786000000, 0x0000000786000000, 0x0000000786100000|  0%| F|  |TAMS 0x0000000786000000, 0x0000000786000000| Untracked 
|  97|0x0000000786100000, 0x0000000786100000, 0x0000000786200000|  0%| F|  |TAMS 0x0000000786100000, 0x0000000786100000| Untracked 
|  98|0x0000000786200000, 0x0000000786200000, 0x0000000786300000|  0%| F|  |TAMS 0x0000000786200000, 0x0000000786200000| Untracked 
|  99|0x0000000786300000, 0x0000000786300000, 0x0000000786400000|  0%| F|  |TAMS 0x0000000786300000, 0x0000000786300000| Untracked 
| 100|0x0000000786400000, 0x0000000786400000, 0x0000000786500000|  0%| F|  |TAMS 0x0000000786400000, 0x0000000786400000| Untracked 
| 101|0x0000000786500000, 0x0000000786500000, 0x0000000786600000|  0%| F|  |TAMS 0x0000000786500000, 0x0000000786500000| Untracked 
| 102|0x0000000786600000, 0x0000000786600000, 0x0000000786700000|  0%| F|  |TAMS 0x0000000786600000, 0x0000000786600000| Untracked 
| 103|0x0000000786700000, 0x0000000786700000, 0x0000000786800000|  0%| F|  |TAMS 0x0000000786700000, 0x0000000786700000| Untracked 
| 104|0x0000000786800000, 0x0000000786800000, 0x0000000786900000|  0%| F|  |TAMS 0x0000000786800000, 0x0000000786800000| Untracked 
| 105|0x0000000786900000, 0x0000000786900000, 0x0000000786a00000|  0%| F|  |TAMS 0x0000000786900000, 0x0000000786900000| Untracked 
| 106|0x0000000786a00000, 0x0000000786a00000, 0x0000000786b00000|  0%| F|  |TAMS 0x0000000786a00000, 0x0000000786a00000| Untracked 
| 107|0x0000000786b00000, 0x0000000786b00000, 0x0000000786c00000|  0%| F|  |TAMS 0x0000000786b00000, 0x0000000786b00000| Untracked 
| 108|0x0000000786c00000, 0x0000000786c00000, 0x0000000786d00000|  0%| F|  |TAMS 0x0000000786c00000, 0x0000000786c00000| Untracked 
| 109|0x0000000786d00000, 0x0000000786d00000, 0x0000000786e00000|  0%| F|  |TAMS 0x0000000786d00000, 0x0000000786d00000| Untracked 
| 110|0x0000000786e00000, 0x0000000786e00000, 0x0000000786f00000|  0%| F|  |TAMS 0x0000000786e00000, 0x0000000786e00000| Untracked 
| 111|0x0000000786f00000, 0x0000000786f00000, 0x0000000787000000|  0%| F|  |TAMS 0x0000000786f00000, 0x0000000786f00000| Untracked 
| 112|0x0000000787000000, 0x0000000787000000, 0x0000000787100000|  0%| F|  |TAMS 0x0000000787000000, 0x0000000787000000| Untracked 
| 113|0x0000000787100000, 0x0000000787100000, 0x0000000787200000|  0%| F|  |TAMS 0x0000000787100000, 0x0000000787100000| Untracked 
| 114|0x0000000787200000, 0x0000000787200000, 0x0000000787300000|  0%| F|  |TAMS 0x0000000787200000, 0x0000000787200000| Untracked 
| 115|0x0000000787300000, 0x0000000787300000, 0x0000000787400000|  0%| F|  |TAMS 0x0000000787300000, 0x0000000787300000| Untracked 
| 116|0x0000000787400000, 0x0000000787400000, 0x0000000787500000|  0%| F|  |TAMS 0x0000000787400000, 0x0000000787400000| Untracked 
| 117|0x0000000787500000, 0x0000000787500000, 0x0000000787600000|  0%| F|  |TAMS 0x0000000787500000, 0x0000000787500000| Untracked 
| 118|0x0000000787600000, 0x0000000787600000, 0x0000000787700000|  0%| F|  |TAMS 0x0000000787600000, 0x0000000787600000| Untracked 
| 119|0x0000000787700000, 0x0000000787700000, 0x0000000787800000|  0%| F|  |TAMS 0x0000000787700000, 0x0000000787700000| Untracked 
| 120|0x0000000787800000, 0x0000000787800000, 0x0000000787900000|  0%| F|  |TAMS 0x0000000787800000, 0x0000000787800000| Untracked 
| 121|0x0000000787900000, 0x0000000787900000, 0x0000000787a00000|  0%| F|  |TAMS 0x0000000787900000, 0x0000000787900000| Untracked 
| 122|0x0000000787a00000, 0x0000000787a00000, 0x0000000787b00000|  0%| F|  |TAMS 0x0000000787a00000, 0x0000000787a00000| Untracked 
| 123|0x0000000787b00000, 0x0000000787b00000, 0x0000000787c00000|  0%| F|  |TAMS 0x0000000787b00000, 0x0000000787b00000| Untracked 
| 124|0x0000000787c00000, 0x0000000787c00000, 0x0000000787d00000|  0%| F|  |TAMS 0x0000000787c00000, 0x0000000787c00000| Untracked 
| 125|0x0000000787d00000, 0x0000000787d00000, 0x0000000787e00000|  0%| F|  |TAMS 0x0000000787d00000, 0x0000000787d00000| Untracked 
| 126|0x0000000787e00000, 0x0000000787e00000, 0x0000000787f00000|  0%| F|  |TAMS 0x0000000787e00000, 0x0000000787e00000| Untracked 
| 127|0x0000000787f00000, 0x0000000787f00000, 0x0000000788000000|  0%| F|  |TAMS 0x0000000787f00000, 0x0000000787f00000| Untracked 
| 128|0x0000000788000000, 0x0000000788100000, 0x0000000788100000|100%| S|CS|TAMS 0x0000000788000000, 0x0000000788000000| Complete 
| 129|0x0000000788100000, 0x0000000788200000, 0x0000000788200000|100%| S|CS|TAMS 0x0000000788100000, 0x0000000788100000| Complete 
| 130|0x0000000788200000, 0x0000000788300000, 0x0000000788300000|100%| S|CS|TAMS 0x0000000788200000, 0x0000000788200000| Complete 
| 131|0x0000000788300000, 0x0000000788400000, 0x0000000788400000|100%| S|CS|TAMS 0x0000000788300000, 0x0000000788300000| Complete 
| 132|0x0000000788400000, 0x0000000788500000, 0x0000000788500000|100%| S|CS|TAMS 0x0000000788400000, 0x0000000788400000| Complete 
| 133|0x0000000788500000, 0x0000000788500000, 0x0000000788600000|  0%| F|  |TAMS 0x0000000788500000, 0x0000000788500000| Untracked 
| 134|0x0000000788600000, 0x0000000788600000, 0x0000000788700000|  0%| F|  |TAMS 0x0000000788600000, 0x0000000788600000| Untracked 
| 135|0x0000000788700000, 0x0000000788700000, 0x0000000788800000|  0%| F|  |TAMS 0x0000000788700000, 0x0000000788700000| Untracked 
| 136|0x0000000788800000, 0x0000000788800000, 0x0000000788900000|  0%| F|  |TAMS 0x0000000788800000, 0x0000000788800000| Untracked 
| 137|0x0000000788900000, 0x0000000788900000, 0x0000000788a00000|  0%| F|  |TAMS 0x0000000788900000, 0x0000000788900000| Untracked 
| 138|0x0000000788a00000, 0x0000000788a00000, 0x0000000788b00000|  0%| F|  |TAMS 0x0000000788a00000, 0x0000000788a00000| Untracked 
| 139|0x0000000788b00000, 0x0000000788b00000, 0x0000000788c00000|  0%| F|  |TAMS 0x0000000788b00000, 0x0000000788b00000| Untracked 
| 140|0x0000000788c00000, 0x0000000788c00000, 0x0000000788d00000|  0%| F|  |TAMS 0x0000000788c00000, 0x0000000788c00000| Untracked 
| 141|0x0000000788d00000, 0x0000000788d00000, 0x0000000788e00000|  0%| F|  |TAMS 0x0000000788d00000, 0x0000000788d00000| Untracked 
| 142|0x0000000788e00000, 0x0000000788e00000, 0x0000000788f00000|  0%| F|  |TAMS 0x0000000788e00000, 0x0000000788e00000| Untracked 
| 143|0x0000000788f00000, 0x0000000788f949d0, 0x0000000789000000| 58%| E|  |TAMS 0x0000000788f00000, 0x0000000788f00000| Complete 
| 144|0x0000000789000000, 0x0000000789100000, 0x0000000789100000|100%| E|CS|TAMS 0x0000000789000000, 0x0000000789000000| Complete 
| 145|0x0000000789100000, 0x0000000789200000, 0x0000000789200000|100%| E|CS|TAMS 0x0000000789100000, 0x0000000789100000| Complete 
| 146|0x0000000789200000, 0x0000000789300000, 0x0000000789300000|100%| E|CS|TAMS 0x0000000789200000, 0x0000000789200000| Complete 
| 147|0x0000000789300000, 0x0000000789400000, 0x0000000789400000|100%| E|CS|TAMS 0x0000000789300000, 0x0000000789300000| Complete 
| 148|0x0000000789400000, 0x0000000789500000, 0x0000000789500000|100%| E|CS|TAMS 0x0000000789400000, 0x0000000789400000| Complete 
| 149|0x0000000789500000, 0x0000000789600000, 0x0000000789600000|100%| E|CS|TAMS 0x0000000789500000, 0x0000000789500000| Complete 
| 150|0x0000000789600000, 0x0000000789700000, 0x0000000789700000|100%| E|CS|TAMS 0x0000000789600000, 0x0000000789600000| Complete 
|2046|0x00000007ffe00000, 0x00000007ffe78000, 0x00000007fff00000| 46%|OA|  |TAMS 0x00000007ffe78000, 0x00000007ffe00000| Untracked 
|2047|0x00000007fff00000, 0x00000007fff80000, 0x0000000800000000| 50%|CA|  |TAMS 0x00000007fff80000, 0x00000007fff00000| Untracked 

Card table byte_map: [0x00000001058b8000,0x0000000105cb8000] _byte_map_base: 0x0000000101cb8000

Marking Bits (Prev, Next): (CMBitMap*) 0x000000014b808850, (CMBitMap*) 0x000000014b808810
 Prev Bits: [0x000000011f7f8000, 0x00000001217f8000)
 Next Bits: [0x000000011d7f8000, 0x000000011f7f8000)

Polling page: 0x0000000105128000

Metaspace:

Usage:
  Non-class:     28.22 MB used.
      Class:      4.02 MB used.
       Both:     32.24 MB used.

Virtual space:
  Non-class space:       32.00 MB reserved,      28.44 MB ( 89%) committed,  4 nodes.
      Class space:        1.00 GB reserved,       4.25 MB ( <1%) committed,  1 nodes.
             Both:        1.03 GB reserved,      32.69 MB (  3%) committed. 

Chunk freelists:
   Non-Class:  3.37 MB
       Class:  3.80 MB
        Both:  7.17 MB

MaxMetaspaceSize: unlimited
CompressedClassSpaceSize: 1.00 GB
Initial GC threshold: 21.00 MB
Current GC threshold: 52.62 MB
CDS: on
MetaspaceReclaimPolicy: balanced
 - commit_granule_bytes: 65536.
 - commit_granule_words: 8192.
 - virtual_space_node_default_size: 1048576.
 - enlarge_chunks_in_place: 1.
 - new_chunks_are_fully_committed: 0.
 - uncommit_free_chunks: 1.
 - use_allocation_guard: 0.
 - handle_deallocations: 1.


Internal statistics:

num_allocs_failed_limit: 3.
num_arena_births: 424.
num_arena_deaths: 0.
num_vsnodes_births: 5.
num_vsnodes_deaths: 0.
num_space_committed: 523.
num_space_uncommitted: 0.
num_chunks_returned_to_freelist: 3.
num_chunks_taken_from_freelist: 1065.
num_chunk_merges: 0.
num_chunk_splits: 724.
num_chunks_enlarged: 498.
num_purges: 0.
num_inconsistent_stats: 0.

CodeHeap 'non-profiled nmethods': size=120032Kb used=2503Kb max_used=2503Kb free=117528Kb
 bounds [0x00000001162c0000, 0x0000000116540000, 0x000000011d7f8000]
CodeHeap 'profiled nmethods': size=120016Kb used=11760Kb max_used=11760Kb free=108255Kb
 bounds [0x000000010ed8c000, 0x000000010f90c000, 0x00000001162c0000]
CodeHeap 'non-nmethods': size=5712Kb used=1601Kb max_used=1658Kb free=4110Kb
 bounds [0x000000010e7f8000, 0x000000010ea68000, 0x000000010ed8c000]
 total_blobs=6523 nmethods=5468 adapters=969
 compilation: enabled
              stopped_count=0, restarted_count=0
 full_count=0

Compilation events (20 events):
Event: 79.876 Thread 0x000000014b823200 5594  s    3       java.lang.StringBuffer::setLength (11 bytes)
Event: 79.876 Thread 0x000000014b823200 nmethod 5594 0x000000010f902e90 code [0x000000010f903040, 0x000000010f9032d8]
Event: 79.915 Thread 0x000000014b823200 5595       3       java.awt.AWTEventMulticaster::addInternal (22 bytes)
Event: 79.915 Thread 0x000000014b811800 5596       4       java.lang.StringConcatHelper::newString (67 bytes)
Event: 79.915 Thread 0x000000014b823200 nmethod 5595 0x000000010f903390 code [0x000000010f903580, 0x000000010f903928]
Event: 79.916 Thread 0x000000014b823200 5598       1       javax.swing.JLabel::getText (5 bytes)
Event: 79.916 Thread 0x000000014b823200 nmethod 5598 0x0000000116531590 code [0x0000000116531700, 0x00000001165317e8]
Event: 79.916 Thread 0x000000014b811800 nmethod 5596 0x0000000116531890 code [0x0000000116531a40, 0x0000000116531b80]
Event: 79.916 Thread 0x000000014b811800 5597       4       javax.swing.JComponent::getFlag (20 bytes)
Event: 79.916 Thread 0x000000014b823200 5599       3       java.awt.Component::firePropertyChange (26 bytes)
Event: 79.917 Thread 0x000000014b811800 nmethod 5597 0x0000000116531c90 code [0x0000000116531e00, 0x0000000116531ea0]
Event: 79.917 Thread 0x000000014b823200 nmethod 5599 0x000000010f903a90 code [0x000000010f903c80, 0x000000010f9041d8]
Event: 79.917 Thread 0x000000014b823200 5600       3       javax.swing.JComponent::firePropertyChange (8 bytes)
Event: 79.917 Thread 0x000000014b823200 nmethod 5600 0x000000010f904390 code [0x000000010f904540, 0x000000010f9046d8]
Event: 79.917 Thread 0x000000014b823200 5601       3       java.awt.Container::adjustListeningChildren (109 bytes)
Event: 79.917 Thread 0x000000014b823200 nmethod 5601 0x000000010f904790 code [0x000000010f9049c0, 0x000000010f905138]
Event: 79.917 Thread 0x000000014b823200 5602       3       java.awt.Container::numListening (219 bytes)
Event: 79.918 Thread 0x000000014b823200 nmethod 5602 0x000000010f905310 code [0x000000010f905740, 0x000000010f907038]
Event: 79.918 Thread 0x000000014b823200 5603       3       java.awt.Component::numListening (97 bytes)
Event: 79.918 Thread 0x000000014b823200 nmethod 5603 0x000000010f907710 code [0x000000010f907940, 0x000000010f908008]

GC Heap History (20 events):
Event: 4.324 GC heap before
{Heap before GC invocations=4 (full 0):
 garbage-first heap   total 37888K, used 12277K [0x0000000780000000, 0x0000000800000000)
  region size 1024K, 4 young (4096K), 3 survivors (3072K)
 Metaspace       used 24255K, committed 24448K, reserved 1073152K
  class space    used 2964K, committed 3072K, reserved 1048576K
}
Event: 4.327 GC heap after
{Heap after GC invocations=5 (full 0):
 garbage-first heap   total 37888K, used 11556K [0x0000000780000000, 0x0000000800000000)
  region size 1024K, 1 young (1024K), 1 survivors (1024K)
 Metaspace       used 24255K, committed 24448K, reserved 1073152K
  class space    used 2964K, committed 3072K, reserved 1048576K
}
Event: 6.282 GC heap before
{Heap before GC invocations=5 (full 0):
 garbage-first heap   total 37888K, used 23844K [0x0000000780000000, 0x0000000800000000)
  region size 1024K, 13 young (13312K), 1 survivors (1024K)
 Metaspace       used 24419K, committed 24640K, reserved 1073152K
  class space    used 2967K, committed 3072K, reserved 1048576K
}
Event: 6.291 GC heap after
{Heap after GC invocations=6 (full 0):
 garbage-first heap   total 37888K, used 11420K [0x0000000780000000, 0x0000000800000000)
  region size 1024K, 1 young (1024K), 1 survivors (1024K)
 Metaspace       used 24419K, committed 24640K, reserved 1073152K
  class space    used 2967K, committed 3072K, reserved 1048576K
}
Event: 8.641 GC heap before
{Heap before GC invocations=6 (full 0):
 garbage-first heap   total 37888K, used 25756K [0x0000000780000000, 0x0000000800000000)
  region size 1024K, 15 young (15360K), 1 survivors (1024K)
 Metaspace       used 24552K, committed 24832K, reserved 1073152K
  class space    used 2969K, committed 3072K, reserved 1048576K
}
Event: 8.642 GC heap after
{Heap after GC invocations=7 (full 0):
 garbage-first heap   total 37888K, used 11403K [0x0000000780000000, 0x0000000800000000)
  region size 1024K, 1 young (1024K), 1 survivors (1024K)
 Metaspace       used 24552K, committed 24832K, reserved 1073152K
  class space    used 2969K, committed 3072K, reserved 1048576K
}
Event: 71.863 GC heap before
{Heap before GC invocations=7 (full 0):
 garbage-first heap   total 37888K, used 26763K [0x0000000780000000, 0x0000000800000000)
  region size 1024K, 16 young (16384K), 1 survivors (1024K)
 Metaspace       used 27398K, committed 27776K, reserved 1073152K
  class space    used 3298K, committed 3456K, reserved 1048576K
}
Event: 71.874 GC heap after
{Heap after GC invocations=8 (full 0):
 garbage-first heap   total 37888K, used 13042K [0x0000000780000000, 0x0000000800000000)
  region size 1024K, 2 young (2048K), 2 survivors (2048K)
 Metaspace       used 27398K, committed 27776K, reserved 1073152K
  class space    used 3298K, committed 3456K, reserved 1048576K
}
Event: 73.926 GC heap before
{Heap before GC invocations=8 (full 0):
 garbage-first heap   total 37888K, used 26354K [0x0000000780000000, 0x0000000800000000)
  region size 1024K, 15 young (15360K), 2 survivors (2048K)
 Metaspace       used 29244K, committed 29632K, reserved 1081344K
  class space    used 3607K, committed 3776K, reserved 1048576K
}
Event: 73.930 GC heap after
{Heap after GC invocations=9 (full 0):
 garbage-first heap   total 37888K, used 13425K [0x0000000780000000, 0x0000000800000000)
  region size 1024K, 1 young (1024K), 1 survivors (1024K)
 Metaspace       used 29244K, committed 29632K, reserved 1081344K
  class space    used 3607K, committed 3776K, reserved 1048576K
}
Event: 73.952 GC heap before
{Heap before GC invocations=9 (full 0):
 garbage-first heap   total 37888K, used 15473K [0x0000000780000000, 0x0000000800000000)
  region size 1024K, 4 young (4096K), 1 survivors (1024K)
 Metaspace       used 29764K, committed 30144K, reserved 1081344K
  class space    used 3717K, committed 3904K, reserved 1048576K
}
Event: 73.952 GC heap after
{Heap after GC invocations=10 (full 0):
 garbage-first heap   total 37888K, used 13497K [0x0000000780000000, 0x0000000800000000)
  region size 1024K, 1 young (1024K), 1 survivors (1024K)
 Metaspace       used 29764K, committed 30144K, reserved 1081344K
  class space    used 3717K, committed 3904K, reserved 1048576K
}
Event: 73.966 GC heap before
{Heap before GC invocations=10 (full 0):
 garbage-first heap   total 50176K, used 44217K [0x0000000780000000, 0x0000000800000000)
  region size 1024K, 2 young (2048K), 1 survivors (1024K)
 Metaspace       used 29983K, committed 30336K, reserved 1081344K
  class space    used 3742K, committed 3904K, reserved 1048576K
}
Event: 73.967 GC heap after
{Heap after GC invocations=11 (full 0):
 garbage-first heap   total 50176K, used 44283K [0x0000000780000000, 0x0000000800000000)
  region size 1024K, 1 young (1024K), 1 survivors (1024K)
 Metaspace       used 29983K, committed 30336K, reserved 1081344K
  class space    used 3742K, committed 3904K, reserved 1048576K
}
Event: 74.043 GC heap before
{Heap before GC invocations=12 (full 0):
 garbage-first heap   total 130048K, used 75003K [0x0000000780000000, 0x0000000800000000)
  region size 1024K, 2 young (2048K), 1 survivors (1024K)
 Metaspace       used 30170K, committed 30464K, reserved 1081344K
  class space    used 3772K, committed 3904K, reserved 1048576K
}
Event: 74.045 GC heap after
{Heap after GC invocations=13 (full 0):
 garbage-first heap   total 156672K, used 75418K [0x0000000780000000, 0x0000000800000000)
  region size 1024K, 1 young (1024K), 1 survivors (1024K)
 Metaspace       used 30170K, committed 30464K, reserved 1081344K
  class space    used 3772K, committed 3904K, reserved 1048576K
}
Event: 75.228 GC heap before
{Heap before GC invocations=13 (full 0):
 garbage-first heap   total 156672K, used 80538K [0x0000000780000000, 0x0000000800000000)
  region size 1024K, 7 young (7168K), 1 survivors (1024K)
 Metaspace       used 30890K, committed 31232K, reserved 1081344K
  class space    used 3859K, committed 4032K, reserved 1048576K
}
Event: 75.231 GC heap after
{Heap after GC invocations=14 (full 0):
 garbage-first heap   total 156672K, used 76685K [0x0000000780000000, 0x0000000800000000)
  region size 1024K, 1 young (1024K), 1 survivors (1024K)
 Metaspace       used 30890K, committed 31232K, reserved 1081344K
  class space    used 3859K, committed 4032K, reserved 1048576K
}
Event: 77.012 GC heap before
{Heap before GC invocations=14 (full 0):
 garbage-first heap   total 156672K, used 92045K [0x0000000780000000, 0x0000000800000000)
  region size 1024K, 18 young (18432K), 1 survivors (1024K)
 Metaspace       used 31961K, committed 32256K, reserved 1081344K
  class space    used 3962K, committed 4096K, reserved 1048576K
}
Event: 77.017 GC heap after
{Heap after GC invocations=15 (full 0):
 garbage-first heap   total 156672K, used 81327K [0x0000000780000000, 0x0000000800000000)
  region size 1024K, 5 young (5120K), 5 survivors (5120K)
 Metaspace       used 31961K, committed 32256K, reserved 1081344K
  class space    used 3962K, committed 4096K, reserved 1048576K
}

Deoptimization events (20 events):
Event: 79.682 Thread 0x000000012a015600 DEOPT PACKING pc=0x00000001164ce074 sp=0x000000016ea5db40
Event: 79.682 Thread 0x000000012a015600 DEOPT UNPACKING pc=0x000000010e836d1c sp=0x000000016ea5d9d0 mode 2
Event: 79.713 Thread 0x000000012a018400 DEOPT PACKING pc=0x000000010f589b8c sp=0x000000016d8e66a0
Event: 79.713 Thread 0x000000012a018400 DEOPT UNPACKING pc=0x000000010e836b7c sp=0x000000016d8e63a0 mode 3
Event: 79.799 Thread 0x000000012a015600 Uncommon trap: trap_request=0xffffffbe fr.pc=0x00000001165076a8 relative=0x0000000000000928
Event: 79.799 Thread 0x000000012a015600 Uncommon trap: reason=profile_predicate action=maybe_recompile pc=0x00000001165076a8 method=java.math.BigInteger.montReduce([I[III)[I @ 56 c2
Event: 79.799 Thread 0x000000012a015600 DEOPT PACKING pc=0x00000001165076a8 sp=0x000000016ea5cb20
Event: 79.799 Thread 0x000000012a015600 DEOPT UNPACKING pc=0x000000010e836d1c sp=0x000000016ea5ca90 mode 2
Event: 79.799 Thread 0x000000012a015600 Uncommon trap: trap_request=0xffffffbe fr.pc=0x00000001165076a8 relative=0x0000000000000928
Event: 79.799 Thread 0x000000012a015600 Uncommon trap: reason=profile_predicate action=maybe_recompile pc=0x00000001165076a8 method=java.math.BigInteger.montReduce([I[III)[I @ 56 c2
Event: 79.799 Thread 0x000000012a015600 DEOPT PACKING pc=0x00000001165076a8 sp=0x000000016ea5cb00
Event: 79.799 Thread 0x000000012a015600 DEOPT UNPACKING pc=0x000000010e836d1c sp=0x000000016ea5ca90 mode 2
Event: 79.799 Thread 0x000000012a015600 Uncommon trap: trap_request=0xffffffbe fr.pc=0x00000001165076a8 relative=0x0000000000000928
Event: 79.799 Thread 0x000000012a015600 Uncommon trap: reason=profile_predicate action=maybe_recompile pc=0x00000001165076a8 method=java.math.BigInteger.montReduce([I[III)[I @ 56 c2
Event: 79.799 Thread 0x000000012a015600 DEOPT PACKING pc=0x00000001165076a8 sp=0x000000016ea5cc20
Event: 79.799 Thread 0x000000012a015600 DEOPT UNPACKING pc=0x000000010e836d1c sp=0x000000016ea5cbb0 mode 2
Event: 79.799 Thread 0x000000012a015600 Uncommon trap: trap_request=0xffffffbe fr.pc=0x00000001165076a8 relative=0x0000000000000928
Event: 79.799 Thread 0x000000012a015600 Uncommon trap: reason=profile_predicate action=maybe_recompile pc=0x00000001165076a8 method=java.math.BigInteger.montReduce([I[III)[I @ 56 c2
Event: 79.799 Thread 0x000000012a015600 DEOPT PACKING pc=0x00000001165076a8 sp=0x000000016ea5cb20
Event: 79.799 Thread 0x000000012a015600 DEOPT UNPACKING pc=0x000000010e836d1c sp=0x000000016ea5ca90 mode 2

Classes unloaded (0 events):
No events

Classes redefined (0 events):
No events

Internal exceptions (20 events):
Event: 76.798 Thread 0x000000012a03a600 Exception <a 'java/io/FileNotFoundException'{0x0000000788776ca0}> (0x0000000788776ca0) 
thrown [open/src/hotspot/share/prims/jni.cpp, line 516]
Event: 76.798 Thread 0x000000012a03a600 Exception <a 'java/io/FileNotFoundException'{0x0000000788779170}> (0x0000000788779170) 
thrown [open/src/hotspot/share/prims/jni.cpp, line 516]
Event: 76.798 Thread 0x000000012a03a600 Exception <a 'java/io/FileNotFoundException'{0x000000078877b640}> (0x000000078877b640) 
thrown [open/src/hotspot/share/prims/jni.cpp, line 516]
Event: 78.325 Thread 0x000000012a03a600 Exception <a 'java/lang/ClassNotFoundException'{0x0000000789487030}: com/sun/javafx/scene/control/skin/resources/controls> (0x0000000789487030) 
thrown [open/src/hotspot/share/prims/jni.cpp, line 535]
Event: 78.326 Thread 0x000000012a03a600 Exception <a 'java/lang/ClassNotFoundException'{0x0000000789495280}: com/sun/javafx/scene/control/skin/resources/controls_en> (0x0000000789495280) 
thrown [open/src/hotspot/share/prims/jni.cpp, line 535]
Event: 78.326 Thread 0x000000012a03a600 Exception <a 'java/lang/ClassNotFoundException'{0x00000007894964c8}: com/sun/javafx/scene/control/skin/resources/controls_en_CA> (0x00000007894964c8) 
thrown [open/src/hotspot/share/prims/jni.cpp, line 535]
Event: 79.803 Thread 0x000000012a015600 Exception <a 'java/io/FileNotFoundException'{0x00000007890f0558}> (0x00000007890f0558) 
thrown [open/src/hotspot/share/prims/jni.cpp, line 516]
Event: 79.803 Thread 0x000000012a015600 Exception <a 'java/io/FileNotFoundException'{0x00000007890f3c60}> (0x00000007890f3c60) 
thrown [open/src/hotspot/share/prims/jni.cpp, line 516]
Event: 79.803 Thread 0x000000012a015600 Exception <a 'java/io/FileNotFoundException'{0x00000007890f7368}> (0x00000007890f7368) 
thrown [open/src/hotspot/share/prims/jni.cpp, line 516]
Event: 79.803 Thread 0x000000012a015600 Exception <a 'java/io/FileNotFoundException'{0x00000007890f9590}> (0x00000007890f9590) 
thrown [open/src/hotspot/share/prims/jni.cpp, line 516]
Event: 79.803 Thread 0x000000012a015600 Exception <a 'java/io/FileNotFoundException'{0x00000007890fb7b8}> (0x00000007890fb7b8) 
thrown [open/src/hotspot/share/prims/jni.cpp, line 516]
Event: 79.803 Thread 0x000000012a015600 Exception <a 'java/io/FileNotFoundException'{0x00000007890fd9e0}> (0x00000007890fd9e0) 
thrown [open/src/hotspot/share/prims/jni.cpp, line 516]
Event: 79.803 Thread 0x000000012a015600 Exception <a 'java/io/FileNotFoundException'{0x0000000788f00030}> (0x0000000788f00030) 
thrown [open/src/hotspot/share/prims/jni.cpp, line 516]
Event: 79.803 Thread 0x000000012a015600 Exception <a 'java/io/FileNotFoundException'{0x0000000788f026e0}> (0x0000000788f026e0) 
thrown [open/src/hotspot/share/prims/jni.cpp, line 516]
Event: 79.803 Thread 0x000000012a015600 Exception <a 'java/io/FileNotFoundException'{0x0000000788f04908}> (0x0000000788f04908) 
thrown [open/src/hotspot/share/prims/jni.cpp, line 516]
Event: 79.803 Thread 0x000000012a015600 Exception <a 'java/io/FileNotFoundException'{0x0000000788f06b30}> (0x0000000788f06b30) 
thrown [open/src/hotspot/share/prims/jni.cpp, line 516]
Event: 79.803 Thread 0x000000012a015600 Exception <a 'java/io/FileNotFoundException'{0x0000000788f08d58}> (0x0000000788f08d58) 
thrown [open/src/hotspot/share/prims/jni.cpp, line 516]
Event: 79.803 Thread 0x000000012a015600 Exception <a 'java/io/FileNotFoundException'{0x0000000788f0af80}> (0x0000000788f0af80) 
thrown [open/src/hotspot/share/prims/jni.cpp, line 516]
Event: 79.803 Thread 0x000000012a015600 Exception <a 'java/io/FileNotFoundException'{0x0000000788f0d1a8}> (0x0000000788f0d1a8) 
thrown [open/src/hotspot/share/prims/jni.cpp, line 516]
Event: 79.803 Thread 0x000000012a015600 Exception <a 'java/io/FileNotFoundException'{0x0000000788f0f3d0}> (0x0000000788f0f3d0) 
thrown [open/src/hotspot/share/prims/jni.cpp, line 516]

VM Operations (20 events):
Event: 75.146 Executing VM operation: HandshakeAllThreads
Event: 75.146 Executing VM operation: HandshakeAllThreads done
Event: 75.228 Executing VM operation: G1CollectForAllocation
Event: 75.231 Executing VM operation: G1CollectForAllocation done
Event: 76.236 Executing VM operation: Cleanup
Event: 76.236 Executing VM operation: Cleanup done
Event: 76.992 Executing VM operation: ICBufferFull
Event: 76.992 Executing VM operation: ICBufferFull done
Event: 77.012 Executing VM operation: G1TryInitiateConcMark
Event: 77.017 Executing VM operation: G1TryInitiateConcMark done
Event: 77.025 Executing VM operation: G1Concurrent
Event: 77.026 Executing VM operation: G1Concurrent done
Event: 77.030 Executing VM operation: G1Concurrent
Event: 77.030 Executing VM operation: G1Concurrent done
Event: 78.035 Executing VM operation: Cleanup
Event: 78.035 Executing VM operation: Cleanup done
Event: 78.337 Executing VM operation: HandshakeAllThreads
Event: 78.337 Executing VM operation: HandshakeAllThreads done
Event: 79.342 Executing VM operation: Cleanup
Event: 79.342 Executing VM operation: Cleanup done

Events (20 events):
Event: 78.363 loading class sun/text/CompactByteArray
Event: 78.363 loading class sun/text/CompactByteArray done
Event: 78.363 loading class sun/text/SupplementaryCharacterData
Event: 78.363 loading class sun/text/SupplementaryCharacterData done
Event: 78.363 loading class java/text/BreakIterator$BreakIteratorCache
Event: 78.363 loading class java/text/BreakIterator$BreakIteratorCache done
Event: 78.957 Protecting memory [0x00000002ef1e4000,0x00000002ef1f0000] with protection modes 3
Event: 78.957 Thread 0x000000012a86a800 Thread exited: 0x000000012a86a800
Event: 79.339 Protecting memory [0x00000002ef1e4000,0x00000002ef1f0000] with protection modes 0
Event: 79.339 Thread 0x000000012b018400 Thread added: 0x000000012b018400
Event: 79.714 Protecting memory [0x000000016d6e4000,0x000000016d6f0000] with protection modes 3
Event: 79.714 Protecting memory [0x000000016de20000,0x000000016de2c000] with protection modes 3
Event: 79.714 Thread 0x000000012a018400 Thread exited: 0x000000012a018400
Event: 79.714 Thread 0x000000014b8dce00 Thread exited: 0x000000014b8dce00
Event: 79.714 Protecting memory [0x000000016a660000,0x000000016a66c000] with protection modes 3
Event: 79.714 Thread 0x000000012a03a600 Thread exited: 0x000000012a03a600
Event: 79.714 Protecting memory [0x000000016aee8000,0x000000016aef4000] with protection modes 3
Event: 79.714 Thread 0x000000014a008200 Thread exited: 0x000000014a008200
Event: 79.714 Protecting memory [0x000000016aee8000,0x000000016aef4000] with protection modes 0
Event: 79.714 Thread 0x000000012f5e2a00 Thread added: 0x000000012f5e2a00


Dynamic libraries:
0x00000001050d8000 	/Library/Java/JavaVirtualMachines/jdk-17.0.3.1.jdk/Contents/Home/lib/libjli.dylib
0x000000019e1f9000 	/usr/lib/libz.1.dylib
0x000000019e2a9000 	/usr/lib/libSystem.B.dylib
0x000000019e2a3000 	/usr/lib/system/libcache.dylib
0x000000019e261000 	/usr/lib/system/libcommonCrypto.dylib
0x000000019e28a000 	/usr/lib/system/libcompiler_rt.dylib
0x000000019e281000 	/usr/lib/system/libcopyfile.dylib
0x00000001935e2000 	/usr/lib/system/libcorecrypto.dylib
0x0000000193687000 	/usr/lib/system/libdispatch.dylib
0x000000019384f000 	/usr/lib/system/libdyld.dylib
0x000000019e299000 	/usr/lib/system/libkeymgr.dylib
0x000000019e243000 	/usr/lib/system/libmacho.dylib
0x000000019d943000 	/usr/lib/system/libquarantine.dylib
0x000000019e296000 	/usr/lib/system/libremovefile.dylib
0x00000001989e1000 	/usr/lib/system/libsystem_asl.dylib
0x000000019358c000 	/usr/lib/system/libsystem_blocks.dylib
0x000000019370d000 	/usr/lib/system/libsystem_c.dylib
0x000000019e28e000 	/usr/lib/system/libsystem_collections.dylib
0x000000019ce02000 	/usr/lib/system/libsystem_configuration.dylib
0x000000019c086000 	/usr/lib/system/libsystem_containermanager.dylib
0x000000019dfaa000 	/usr/lib/system/libsystem_coreservices.dylib
0x0000000195f73000 	/usr/lib/system/libsystem_darwin.dylib
0x000000019e29a000 	/usr/lib/system/libsystem_dnssd.dylib
0x000000019370a000 	/usr/lib/system/libsystem_featureflags.dylib
0x0000000193864000 	/usr/lib/system/libsystem_info.dylib
0x000000019e20b000 	/usr/lib/system/libsystem_m.dylib
0x000000019365c000 	/usr/lib/system/libsystem_malloc.dylib
0x0000000198972000 	/usr/lib/system/libsystem_networkextension.dylib
0x00000001963c7000 	/usr/lib/system/libsystem_notify.dylib
0x00000001a44ad000 	/usr/lib/system/libsystem_product_info_filter.dylib
0x000000019ce07000 	/usr/lib/system/libsystem_sandbox.dylib
0x000000019e293000 	/usr/lib/system/libsystem_secinit.dylib
0x000000019380c000 	/usr/lib/system/libsystem_kernel.dylib
0x000000019385c000 	/usr/lib/system/libsystem_platform.dylib
0x0000000193842000 	/usr/lib/system/libsystem_pthread.dylib
0x000000019a11e000 	/usr/lib/system/libsystem_symptoms.dylib
0x00000001935c8000 	/usr/lib/system/libsystem_trace.dylib
0x000000019e26e000 	/usr/lib/system/libunwind.dylib
0x000000019358e000 	/usr/lib/system/libxpc.dylib
0x00000001937f2000 	/usr/lib/libc++abi.dylib
0x00000001936ce000 	/usr/lib/libobjc.A.dylib
0x000000019e279000 	/usr/lib/liboah.dylib
0x000000019378e000 	/usr/lib/libc++.1.dylib
0x00000001a9eae000 	/System/Library/Frameworks/Cocoa.framework/Versions/A/Cocoa
0x0000000196427000 	/System/Library/Frameworks/AppKit.framework/Versions/C/AppKit
0x000000019995d000 	/System/Library/Frameworks/CoreData.framework/Versions/A/CoreData
0x0000000194784000 	/System/Library/Frameworks/Foundation.framework/Versions/C/Foundation
0x00000001972de000 	/System/Library/PrivateFrameworks/UIFoundation.framework/Versions/A/UIFoundation
0x00000001a41a7000 	/System/Library/PrivateFrameworks/RemoteViewServices.framework/Versions/A/RemoteViewServices
0x000000019c7c0000 	/System/Library/PrivateFrameworks/XCTTargetBootstrap.framework/Versions/A/XCTTargetBootstrap
0x000000019ffaa000 	/System/Library/PrivateFrameworks/InternationalSupport.framework/Versions/A/InternationalSupport
0x00000001a0033000 	/System/Library/PrivateFrameworks/UserActivity.framework/Versions/A/UserActivity
0x000000019f4d8000 	/usr/lib/libspindump.dylib
0x000000019754e000 	/System/Library/Frameworks/UniformTypeIdentifiers.framework/Versions/A/UniformTypeIdentifiers
0x000000019ad4d000 	/usr/lib/libapp_launch_measurement.dylib
0x000000019a2c5000 	/System/Library/PrivateFrameworks/CoreAnalytics.framework/Versions/A/CoreAnalytics
0x000000019ad50000 	/System/Library/PrivateFrameworks/CoreAutoLayout.framework/Versions/A/CoreAutoLayout
0x000000019c0c3000 	/System/Library/Frameworks/Metal.framework/Versions/A/Metal
0x000000019ce12000 	/usr/lib/liblangid.dylib
0x000000019c7c4000 	/System/Library/PrivateFrameworks/CoreSVG.framework/Versions/A/CoreSVG
0x0000000198a15000 	/System/Library/PrivateFrameworks/SkyLight.framework/Versions/A/SkyLight
0x0000000198de2000 	/System/Library/Frameworks/CoreGraphics.framework/Versions/A/CoreGraphics
0x00000001a4825000 	/System/Library/Frameworks/Accelerate.framework/Versions/A/Accelerate
0x000000019ef4c000 	/System/Library/PrivateFrameworks/IconServices.framework/Versions/A/IconServices
0x000000019c0a5000 	/System/Library/Frameworks/IOSurface.framework/Versions/A/IOSurface
0x000000019a2f5000 	/usr/lib/libDiagnosticMessagesClient.dylib
0x00000001a7c6e000 	/System/Library/Frameworks/ApplicationServices.framework/Versions/A/ApplicationServices
0x000000019c7a8000 	/System/Library/PrivateFrameworks/DFRFoundation.framework/Versions/A/DFRFoundation
0x0000000195cc8000 	/usr/lib/libicucore.A.dylib
0x00000001a0dab000 	/System/Library/Frameworks/AudioToolbox.framework/Versions/A/AudioToolbox
0x000000019ffb6000 	/System/Library/PrivateFrameworks/DataDetectorsCore.framework/Versions/A/DataDetectorsCore
0x00000001b6104000 	/System/Library/PrivateFrameworks/TextInput.framework/Versions/A/TextInput
0x000000019898c000 	/usr/lib/libMobileGestalt.dylib
0x000000019c478000 	/System/Library/Frameworks/Carbon.framework/Versions/A/Frameworks/HIToolbox.framework/Versions/A/HIToolbox
0x000000019a756000 	/System/Library/Frameworks/QuartzCore.framework/Versions/A/QuartzCore
0x0000000195945000 	/System/Library/Frameworks/Security.framework/Versions/A/Security
0x00000001a41e7000 	/System/Library/Frameworks/Carbon.framework/Versions/A/Frameworks/SpeechRecognition.framework/Versions/A/SpeechRecognition
0x000000019aaa4000 	/System/Library/PrivateFrameworks/CoreUI.framework/Versions/A/CoreUI
0x0000000195216000 	/System/Library/Frameworks/CoreAudio.framework/Versions/A/CoreAudio
0x000000019a3e9000 	/System/Library/Frameworks/DiskArbitration.framework/Versions/A/DiskArbitration
0x000000019f8bd000 	/System/Library/PrivateFrameworks/MultitouchSupport.framework/Versions/A/MultitouchSupport
0x000000019898a000 	/usr/lib/libenergytrace.dylib
0x00000001962f1000 	/System/Library/Frameworks/IOKit.framework/Versions/A/IOKit
0x00000001a45d0000 	/System/Library/Frameworks/CoreServices.framework/Versions/A/CoreServices
0x000000019acdd000 	/System/Library/PrivateFrameworks/PerformanceAnalysis.framework/Versions/A/PerformanceAnalysis
0x00000001f4cb1000 	/System/Library/Frameworks/OpenGL.framework/Versions/A/OpenGL
0x000000019d863000 	/System/Library/PrivateFrameworks/MobileKeyBag.framework/Versions/A/MobileKeyBag
0x00000001993f2000 	/System/Library/Frameworks/ColorSync.framework/Versions/A/ColorSync
0x0000000193890000 	/System/Library/Frameworks/CoreFoundation.framework/Versions/A/CoreFoundation
0x000000019ca45000 	/System/Library/Frameworks/CoreImage.framework/Versions/A/CoreImage
0x0000000195039000 	/System/Library/Frameworks/CoreText.framework/Versions/A/CoreText
0x000000019c7f4000 	/System/Library/Frameworks/ImageIO.framework/Versions/A/ImageIO
0x000000019e2af000 	/System/Library/PrivateFrameworks/SoftLinking.framework/Versions/A/SoftLinking
0x000000019ad9a000 	/usr/lib/libxml2.2.dylib
0x000000019e548000 	/usr/lib/libcompression.dylib
0x000000019ff03000 	/System/Library/PrivateFrameworks/TextureIO.framework/Versions/A/TextureIO
0x000000019ec66000 	/usr/lib/libate.dylib
0x000000019eb2e000 	/usr/lib/liblzma.5.dylib
0x0000000194478000 	/System/Library/Frameworks/SystemConfiguration.framework/Versions/A/SystemConfiguration
0x000000019e2ab000 	/usr/lib/libfakelink.dylib
0x00000001984b9000 	/System/Library/Frameworks/CFNetwork.framework/Versions/A/CFNetwork
0x000000019e3f2000 	/usr/lib/libarchive.2.dylib
0x000000019ce0e000 	/System/Library/PrivateFrameworks/AppleSystemInfo.framework/Versions/A/AppleSystemInfo
0x000000019d96e000 	/usr/lib/libbsm.0.dylib
0x00000001979f1000 	/usr/lib/libnetwork.dylib
0x000000019e249000 	/usr/lib/system/libkxld.dylib
0x000000019d585000 	/System/Library/PrivateFrameworks/IOMobileFramebuffer.framework/Versions/A/IOMobileFramebuffer
0x0000000210ae2000 	/usr/lib/libCoreEntitlements.dylib
0x000000019df8c000 	/System/Library/PrivateFrameworks/AppleFSCompression.framework/Versions/A/AppleFSCompression
0x000000019d956000 	/usr/lib/libcoretls.dylib
0x000000019eb47000 	/usr/lib/libcoretls_cfhelpers.dylib
0x000000019e543000 	/usr/lib/libpam.2.dylib
0x0000000199d46000 	/usr/lib/libsqlite3.dylib
0x000000019ebaf000 	/usr/lib/libxar.1.dylib
0x000000019df9d000 	/usr/lib/libbz2.1.0.dylib
0x000000019e2b0000 	/usr/lib/libpcap.A.dylib
0x000000019a115000 	/usr/lib/libdns_services.dylib
0x000000019e516000 	/usr/lib/libapple_nghttp2.dylib
0x000000019e2ed000 	/usr/lib/libiconv.2.dylib
0x000000019e242000 	/usr/lib/libcharset.1.dylib
0x000000019ad19000 	/System/Library/Frameworks/CoreServices.framework/Versions/A/Frameworks/FSEvents.framework/Versions/A/FSEvents
0x0000000195f7e000 	/System/Library/Frameworks/CoreServices.framework/Versions/A/Frameworks/CarbonCore.framework/Versions/A/CarbonCore
0x000000019a34c000 	/System/Library/Frameworks/CoreServices.framework/Versions/A/Frameworks/Metadata.framework/Versions/A/Metadata
0x000000019dfb0000 	/System/Library/Frameworks/CoreServices.framework/Versions/A/Frameworks/OSServices.framework/Versions/A/OSServices
0x000000019e478000 	/System/Library/Frameworks/CoreServices.framework/Versions/A/Frameworks/SearchKit.framework/Versions/A/SearchKit
0x000000019a0a3000 	/System/Library/Frameworks/CoreServices.framework/Versions/A/Frameworks/AE.framework/Versions/A/AE
0x0000000193dd4000 	/System/Library/Frameworks/CoreServices.framework/Versions/A/Frameworks/LaunchServices.framework/Versions/A/LaunchServices
0x000000019ead7000 	/System/Library/Frameworks/CoreServices.framework/Versions/A/Frameworks/DictionaryServices.framework/Versions/A/DictionaryServices
0x000000019ad26000 	/System/Library/Frameworks/CoreServices.framework/Versions/A/Frameworks/SharedFileList.framework/Versions/A/SharedFileList
0x000000019d946000 	/usr/lib/libCheckFix.dylib
0x00000001989f9000 	/System/Library/PrivateFrameworks/TCC.framework/Versions/A/TCC
0x000000019ce14000 	/System/Library/PrivateFrameworks/CoreNLP.framework/Versions/A/CoreNLP
0x000000019a2f8000 	/System/Library/PrivateFrameworks/MetadataUtilities.framework/Versions/A/MetadataUtilities
0x0000000194531000 	/usr/lib/libmecabra.dylib
0x000000019d97f000 	/usr/lib/libmecab.dylib
0x00000001944fd000 	/usr/lib/libCRFSuite.dylib
0x000000019d9dd000 	/usr/lib/libgermantok.dylib
0x000000019e4ef000 	/usr/lib/libThaiTokenizer.dylib
0x000000019a3f1000 	/System/Library/Frameworks/Accelerate.framework/Versions/A/Frameworks/vImage.framework/Versions/A/vImage
0x00000001a45a7000 	/System/Library/Frameworks/Accelerate.framework/Versions/A/Frameworks/vecLib.framework/Versions/A/vecLib
0x000000019ebf3000 	/System/Library/Frameworks/Accelerate.framework/Versions/A/Frameworks/vecLib.framework/Versions/A/libvMisc.dylib
0x000000019d48f000 	/System/Library/Frameworks/Accelerate.framework/Versions/A/Frameworks/vecLib.framework/Versions/A/libvDSP.dylib
0x0000000194157000 	/System/Library/Frameworks/Accelerate.framework/Versions/A/Frameworks/vecLib.framework/Versions/A/libBLAS.dylib
0x000000019e617000 	/System/Library/Frameworks/Accelerate.framework/Versions/A/Frameworks/vecLib.framework/Versions/A/libLAPACK.dylib
0x000000019d9e0000 	/System/Library/Frameworks/Accelerate.framework/Versions/A/Frameworks/vecLib.framework/Versions/A/libLinearAlgebra.dylib
0x000000019e52e000 	/System/Library/Frameworks/Accelerate.framework/Versions/A/Frameworks/vecLib.framework/Versions/A/libSparseBLAS.dylib
0x000000019e612000 	/System/Library/Frameworks/Accelerate.framework/Versions/A/Frameworks/vecLib.framework/Versions/A/libQuadrature.dylib
0x000000019cf0b000 	/System/Library/Frameworks/Accelerate.framework/Versions/A/Frameworks/vecLib.framework/Versions/A/libBNNS.dylib
0x0000000194415000 	/System/Library/Frameworks/Accelerate.framework/Versions/A/Frameworks/vecLib.framework/Versions/A/libSparse.dylib
0x000000019cf03000 	/System/Library/PrivateFrameworks/LinguisticData.framework/Versions/A/LinguisticData
0x00000001943cb000 	/System/Library/PrivateFrameworks/Lexicon.framework/Versions/A/Lexicon
0x000000019ebeb000 	/usr/lib/libChineseTokenizer.dylib
0x0000000194b72000 	/System/Library/PrivateFrameworks/LanguageModeling.framework/Versions/A/LanguageModeling
0x000000019e4f1000 	/System/Library/PrivateFrameworks/AppleSauce.framework/Versions/A/AppleSauce
0x000000019d572000 	/System/Library/PrivateFrameworks/CoreEmoji.framework/Versions/A/CoreEmoji
0x000000019e3e0000 	/usr/lib/libcmph.dylib
0x000000019acf9000 	/System/Library/Frameworks/OpenDirectory.framework/Versions/A/Frameworks/CFOpenDirectory.framework/Versions/A/CFOpenDirectory
0x000000019ace9000 	/System/Library/Frameworks/OpenDirectory.framework/Versions/A/OpenDirectory
0x000000019eb49000 	/System/Library/PrivateFrameworks/APFS.framework/Versions/A/APFS
0x000000019d89e000 	/System/Library/Frameworks/SecurityFoundation.framework/Versions/A/SecurityFoundation
0x000000019ebbd000 	/usr/lib/libutil.dylib
0x00000001962b3000 	/System/Library/PrivateFrameworks/CoreServicesStore.framework/Versions/A/CoreServicesStore
0x000000019ebc1000 	/usr/lib/libxslt.1.dylib
0x000000019d932000 	/System/Library/PrivateFrameworks/BackgroundTaskManagement.framework/Versions/A/BackgroundTaskManagement
0x000000019fe24000 	/System/Library/Frameworks/ImageIO.framework/Versions/A/Resources/libRadiance.dylib
0x000000019fe2d000 	/System/Library/Frameworks/ImageIO.framework/Versions/A/Resources/libJPEG.dylib
0x000000019fd7f000 	/System/Library/Frameworks/ImageIO.framework/Versions/A/Resources/libPng.dylib
0x000000019fda1000 	/System/Library/Frameworks/ImageIO.framework/Versions/A/Resources/libTIFF.dylib
0x000000019fe88000 	/System/Library/Frameworks/ImageIO.framework/Versions/A/Resources/libGIF.dylib
0x000000019f7cd000 	/System/Library/Frameworks/ImageIO.framework/Versions/A/Resources/libJP2.dylib
0x000000019ef12000 	/usr/lib/libexpat.1.dylib
0x000000019f788000 	/System/Library/PrivateFrameworks/AppleJPEG.framework/Versions/A/AppleJPEG
0x000000019c337000 	/System/Library/PrivateFrameworks/FontServices.framework/libFontParser.dylib
0x000000019a048000 	/System/Library/PrivateFrameworks/RunningBoardServices.framework/Versions/A/RunningBoardServices
0x00000001aa524000 	/System/Library/PrivateFrameworks/IOSurfaceAccelerator.framework/Versions/A/IOSurfaceAccelerator
0x000000019f8b9000 	/System/Library/PrivateFrameworks/WatchdogClient.framework/Versions/A/WatchdogClient
0x0000000194c76000 	/System/Library/Frameworks/CoreDisplay.framework/Versions/A/CoreDisplay
0x000000019c225000 	/System/Library/Frameworks/CoreMedia.framework/Versions/A/CoreMedia
0x000000019c0b9000 	/System/Library/PrivateFrameworks/IOAccelerator.framework/Versions/A/IOAccelerator
0x000000019ae87000 	/System/Library/Frameworks/CoreVideo.framework/Versions/A/CoreVideo
0x000000019e541000 	/System/Library/Frameworks/MetalPerformanceShaders.framework/Versions/A/MetalPerformanceShaders
0x000000019f8f6000 	/System/Library/Frameworks/VideoToolbox.framework/Versions/A/VideoToolbox
0x0000000199f8c000 	/System/Library/PrivateFrameworks/BaseBoard.framework/Versions/A/BaseBoard
0x0000000199d2b000 	/System/Library/PrivateFrameworks/ProtocolBuffer.framework/Versions/A/ProtocolBuffer
0x000000019fe1f000 	/System/Library/PrivateFrameworks/GPUWrangler.framework/Versions/A/GPUWrangler
0x000000019fdfe000 	/System/Library/PrivateFrameworks/IOPresentment.framework/Versions/A/IOPresentment
0x000000019fe27000 	/System/Library/PrivateFrameworks/DSExternalDisplay.framework/Versions/A/DSExternalDisplay
0x00000001f4ca4000 	/System/Library/Frameworks/OpenGL.framework/Versions/A/Libraries/libCoreFSCache.dylib
0x00000001fe48f000 	/System/Library/PrivateFrameworks/GPUCompiler.framework/Versions/31001/Libraries/libGPUCompilerUtils.dylib
0x000000019fe8d000 	/System/Library/PrivateFrameworks/CMCaptureCore.framework/Versions/A/CMCaptureCore
0x000000019f4c6000 	/System/Library/PrivateFrameworks/AppServerSupport.framework/Versions/A/AppServerSupport
0x00000001a1666000 	/System/Library/PrivateFrameworks/perfdata.framework/Versions/A/perfdata
0x0000000194d96000 	/System/Library/PrivateFrameworks/AudioToolboxCore.framework/Versions/A/AudioToolboxCore
0x000000019c1fd000 	/System/Library/PrivateFrameworks/caulk.framework/Versions/A/caulk
0x00000001a0f5b000 	/usr/lib/libAudioStatistics.dylib
0x00000001b2878000 	/System/Library/PrivateFrameworks/SystemPolicy.framework/Versions/A/SystemPolicy
0x00000001a11bb000 	/usr/lib/libSMC.dylib
0x00000001a9d90000 	/System/Library/Frameworks/CoreMIDI.framework/Versions/A/CoreMIDI
0x000000019fd4d000 	/usr/lib/libAudioToolboxUtility.dylib
0x00000001aeca5000 	/System/Library/PrivateFrameworks/OSAServicesClient.framework/Versions/A/OSAServicesClient
0x00000001a1673000 	/usr/lib/libperfcheck.dylib
0x00000001b337f000 	/usr/lib/libmis.dylib
0x00000001f4d05000 	/System/Library/Frameworks/OpenGL.framework/Versions/A/Libraries/libGLU.dylib
0x00000001f4cc4000 	/System/Library/Frameworks/OpenGL.framework/Versions/A/Libraries/libGFXShared.dylib
0x00000001f4eae000 	/System/Library/Frameworks/OpenGL.framework/Versions/A/Libraries/libGL.dylib
0x00000001f4ccd000 	/System/Library/Frameworks/OpenGL.framework/Versions/A/Libraries/libGLImage.dylib
0x00000001f4cc1000 	/System/Library/Frameworks/OpenGL.framework/Versions/A/Libraries/libCVMSPluginSupport.dylib
0x00000001f4cab000 	/System/Library/Frameworks/OpenGL.framework/Versions/A/Libraries/libCoreVMClient.dylib
0x000000019cd8f000 	/System/Library/Frameworks/MetalPerformanceShaders.framework/Versions/A/Frameworks/MPSCore.framework/Versions/A/MPSCore
0x000000019deff000 	/System/Library/Frameworks/MetalPerformanceShaders.framework/Versions/A/Frameworks/MPSImage.framework/Versions/A/MPSImage
0x000000019d9f5000 	/System/Library/Frameworks/MetalPerformanceShaders.framework/Versions/A/Frameworks/MPSNeuralNetwork.framework/Versions/A/MPSNeuralNetwork
0x000000019de32000 	/System/Library/Frameworks/MetalPerformanceShaders.framework/Versions/A/Frameworks/MPSMatrix.framework/Versions/A/MPSMatrix
0x000000019dc0d000 	/System/Library/Frameworks/MetalPerformanceShaders.framework/Versions/A/Frameworks/MPSRayIntersector.framework/Versions/A/MPSRayIntersector
0x000000019de63000 	/System/Library/Frameworks/MetalPerformanceShaders.framework/Versions/A/Frameworks/MPSNDArray.framework/Versions/A/MPSNDArray
0x00000001f69dc000 	/System/Library/Frameworks/MetalPerformanceShaders.framework/Versions/A/Frameworks/MPSFunctions.framework/Versions/A/MPSFunctions
0x0000000194035000 	/System/Library/PrivateFrameworks/MetalTools.framework/Versions/A/MetalTools
0x000000019ce0c000 	/System/Library/PrivateFrameworks/AggregateDictionary.framework/Versions/A/AggregateDictionary
0x000000019ecf8000 	/usr/lib/libIOReport.dylib
0x00000001a8d77000 	/System/Library/PrivateFrameworks/ASEProcessing.framework/Versions/A/ASEProcessing
0x000000019f06b000 	/System/Library/PrivateFrameworks/FaceCore.framework/Versions/A/FaceCore
0x000000019f05d000 	/System/Library/PrivateFrameworks/GraphVisualizer.framework/Versions/A/GraphVisualizer
0x00000001fe3a6000 	/System/Library/PrivateFrameworks/FontServices.framework/Versions/A/FontServices
0x000000019f480000 	/System/Library/PrivateFrameworks/OTSVG.framework/Versions/A/OTSVG
0x000000019aa55000 	/System/Library/Frameworks/ApplicationServices.framework/Versions/A/Frameworks/ATS.framework/Versions/A/Resources/libFontRegistry.dylib
0x000000019f4cf000 	/System/Library/PrivateFrameworks/FontServices.framework/libhvf.dylib
0x00000001fe3a7000 	/System/Library/PrivateFrameworks/FontServices.framework/libXTFontStaticRegistryData.dylib
0x00000001f5050000 	/System/Library/Frameworks/OpenCL.framework/Versions/A/OpenCL
0x000000019eec6000 	/System/Library/PrivateFrameworks/AppleVA.framework/Versions/A/AppleVA
0x00000001a0f83000 	/System/Library/Frameworks/ApplicationServices.framework/Versions/A/Frameworks/ATS.framework/Versions/A/ATS
0x00000001994ef000 	/System/Library/Frameworks/ApplicationServices.framework/Versions/A/Frameworks/HIServices.framework/Versions/A/HIServices
0x000000019fe97000 	/System/Library/Frameworks/ApplicationServices.framework/Versions/A/Frameworks/PrintCore.framework/Versions/A/PrintCore
0x00000001a130e000 	/System/Library/Frameworks/ApplicationServices.framework/Versions/A/Frameworks/QD.framework/Versions/A/QD
0x00000001a1306000 	/System/Library/Frameworks/ApplicationServices.framework/Versions/A/Frameworks/ColorSyncLegacy.framework/Versions/A/ColorSyncLegacy
0x00000001a0f6f000 	/System/Library/Frameworks/ApplicationServices.framework/Versions/A/Frameworks/SpeechSynthesis.framework/Versions/A/SpeechSynthesis
0x000000019fe58000 	/System/Library/Frameworks/ApplicationServices.framework/Versions/A/Frameworks/ATSUI.framework/Versions/A/ATSUI
0x00000001a129b000 	/usr/lib/libcups.2.dylib
0x00000001a1681000 	/System/Library/Frameworks/Kerberos.framework/Versions/A/Kerberos
0x00000001a1692000 	/System/Library/Frameworks/GSS.framework/Versions/A/GSS
0x00000001a0ff2000 	/usr/lib/libresolv.9.dylib
0x000000019f4dd000 	/System/Library/PrivateFrameworks/Heimdal.framework/Versions/A/Heimdal
0x00000001a7fe6000 	/System/Library/Frameworks/Kerberos.framework/Versions/A/Libraries/libHeimdalProxy.dylib
0x000000019a127000 	/System/Library/Frameworks/Network.framework/Versions/A/Network
0x000000019ef2d000 	/usr/lib/libheimdal-asn1.dylib
0x00000001a16d8000 	/System/Library/PrivateFrameworks/CommonAuth.framework/Versions/A/CommonAuth
0x00000001a0ee9000 	/System/Library/PrivateFrameworks/AudioSession.framework/Versions/A/AudioSession
0x000000019efbe000 	/System/Library/PrivateFrameworks/MediaExperience.framework/Versions/A/MediaExperience
0x00000001a0d71000 	/System/Library/PrivateFrameworks/AudioSession.framework/libSessionUtility.dylib
0x00000001a131a000 	/System/Library/PrivateFrameworks/AudioResourceArbitration.framework/Versions/A/AudioResourceArbitration
0x00000001a5425000 	/System/Library/PrivateFrameworks/PowerLog.framework/Versions/A/PowerLog
0x000000019ef36000 	/System/Library/PrivateFrameworks/IconFoundation.framework/Versions/A/IconFoundation
0x00000001a41d3000 	/System/Library/PrivateFrameworks/SpeechRecognitionCore.framework/Versions/A/SpeechRecognitionCore
0x0000000106114000 	/Library/Java/JavaVirtualMachines/jdk-17.0.3.1.jdk/Contents/Home/lib/server/libjvm.dylib
0x000000010513c000 	/Library/Java/JavaVirtualMachines/jdk-17.0.3.1.jdk/Contents/Home/lib/libjimage.dylib
0x0000000105220000 	/Library/Java/JavaVirtualMachines/jdk-17.0.3.1.jdk/Contents/Home/lib/libinstrument.dylib
0x000000010526c000 	/Library/Java/JavaVirtualMachines/jdk-17.0.3.1.jdk/Contents/Home/lib/libjava.dylib
0x00000001060b8000 	/Library/Java/JavaVirtualMachines/jdk-17.0.3.1.jdk/Contents/Home/lib/libnio.dylib
0x00000001060d8000 	/Library/Java/JavaVirtualMachines/jdk-17.0.3.1.jdk/Contents/Home/lib/libnet.dylib
0x0000000105250000 	/Library/Java/JavaVirtualMachines/jdk-17.0.3.1.jdk/Contents/Home/lib/libzip.dylib
0x00000001060fc000 	/Users/lizzikuchyna/.openjfx/cache/17.0.2-ea/libprism_es2.dylib
0x0000000196276000 	/System/Library/PrivateFrameworks/CoreServicesInternal.framework/Versions/A/CoreServicesInternal
0x00000001f4eb8000 	/System/Library/Frameworks/OpenGL.framework/Versions/A/Resources/GLEngine.bundle/GLEngine
0x00000001f4d3f000 	/System/Library/Frameworks/OpenGL.framework/Versions/A/Libraries/libGLProgrammability.dylib
0x0000000123a4c000 	/System/Library/Extensions/AppleMetalOpenGLRenderer.bundle/Contents/MacOS/AppleMetalOpenGLRenderer
0x00000001f5027000 	/System/Library/Frameworks/OpenGL.framework/Versions/A/Resources/GLRendererFloat.bundle/GLRendererFloat
0x00000001f50c8000 	/System/Library/Extensions/AGXMetal13_3.bundle/Contents/MacOS/AGXMetal13_3
0x00000001b339b000 	/System/Library/PrivateFrameworks/GPURawCounter.framework/Versions/A/GPURawCounter
0x00000001ade29000 	/System/Library/PrivateFrameworks/IOGPU.framework/Versions/A/IOGPU
0x0000000123b48000 	/Users/lizzikuchyna/.openjfx/cache/17.0.2-ea/libglass.dylib
0x00000001a5679000 	/System/Library/Frameworks/FileProvider.framework/Versions/A/FileProvider
0x0000000199ef4000 	/System/Library/Frameworks/Accounts.framework/Versions/A/Accounts
0x00000001a57f9000 	/System/Library/PrivateFrameworks/GenerationalStorage.framework/Versions/A/GenerationalStorage
0x00000001a63af000 	/System/Library/PrivateFrameworks/CoreSymbolication.framework/Versions/A/CoreSymbolication
0x00000001a5419000 	/System/Library/PrivateFrameworks/SymptomDiagnosticReporter.framework/Versions/A/SymptomDiagnosticReporter
0x0000000197562000 	/System/Library/PrivateFrameworks/DesktopServicesPriv.framework/Versions/A/DesktopServicesPriv
0x00000001963d6000 	/usr/lib/libsandbox.1.dylib
0x000000019af14000 	/System/Library/PrivateFrameworks/UserManagement.framework/Versions/A/UserManagement
0x00000001a6370000 	/System/Library/PrivateFrameworks/DebugSymbols.framework/Versions/A/DebugSymbols
0x00000001a12f9000 	/System/Library/PrivateFrameworks/NetAuth.framework/Versions/A/NetAuth
0x00000001a21fc000 	/System/Library/PrivateFrameworks/Sharing.framework/Versions/A/Sharing
0x000000019aee4000 	/System/Library/PrivateFrameworks/login.framework/Versions/A/Frameworks/loginsupport.framework/Versions/A/loginsupport
0x00000001a7528000 	/System/Library/PrivateFrameworks/Apple80211.framework/Versions/A/Apple80211
0x000000019dfe3000 	/System/Library/PrivateFrameworks/AuthKit.framework/Versions/A/AuthKit
0x000000019d671000 	/System/Library/PrivateFrameworks/CoreUtils.framework/Versions/A/CoreUtils
0x000000019d591000 	/System/Library/Frameworks/CoreWLAN.framework/Versions/A/CoreWLAN
0x00000001a2366000 	/System/Library/Frameworks/IOBluetooth.framework/Versions/A/IOBluetooth
0x00000001a7588000 	/System/Library/PrivateFrameworks/CoreWiFi.framework/Versions/A/CoreWiFi
0x00000001a5f57000 	/System/Library/PrivateFrameworks/FrontBoardServices.framework/Versions/A/FrontBoardServices
0x00000001a5fef000 	/System/Library/PrivateFrameworks/BoardServices.framework/Versions/A/BoardServices
0x000000019d88c000 	/System/Library/PrivateFrameworks/AssertionServices.framework/Versions/A/AssertionServices
0x00000001a76f6000 	/System/Library/PrivateFrameworks/BackBoardServices.framework/Versions/A/BackBoardServices
0x00000001a176b000 	/System/Library/PrivateFrameworks/CorePhoneNumbers.framework/Versions/A/CorePhoneNumbers
0x00000001a5549000 	/System/Library/PrivateFrameworks/DiskManagement.framework/Versions/A/DiskManagement
0x00000001a544c000 	/System/Library/PrivateFrameworks/AppleIDAuthSupport.framework/Versions/A/AppleIDAuthSupport
0x00000001f8cc6000 	/System/Library/PrivateFrameworks/AAAFoundation.framework/Versions/A/AAAFoundation
0x00000001a174a000 	/System/Library/PrivateFrameworks/KeychainCircle.framework/Versions/A/KeychainCircle
0x00000001a5515000 	/System/Library/PrivateFrameworks/MediaKit.framework/Versions/A/MediaKit
0x00000001a5459000 	/System/Library/Frameworks/DiscRecording.framework/Versions/A/DiscRecording
0x000000019ee42000 	/usr/lib/libCoreStorage.dylib
0x00000001a79f2000 	/usr/lib/libcsfde.dylib
0x00000001a243b000 	/System/Library/PrivateFrameworks/ProtectedCloudStorage.framework/Versions/A/ProtectedCloudStorage
0x00000001a79ea000 	/System/Library/PrivateFrameworks/EFILogin.framework/Versions/A/EFILogin
0x00000001a5820000 	/System/Library/PrivateFrameworks/OctagonTrust.framework/Versions/A/OctagonTrust
0x00000001fd5f2000 	/System/Library/PrivateFrameworks/CoreUtilsExtras.framework/Versions/A/CoreUtilsExtras
0x00000001a538e000 	/System/Library/Frameworks/CoreBluetooth.framework/Versions/A/CoreBluetooth
0x00000001a806b000 	/System/Library/Frameworks/AudioUnit.framework/Versions/A/AudioUnit
0x000000019ee3a000 	/usr/lib/libMatch.1.dylib
0x00000001b7691000 	/System/Library/Frameworks/Accelerate.framework/Versions/A/Frameworks/vImage.framework/Versions/A/Libraries/libCGInterfaces.dylib
0x0000000127ca0000 	/usr/lib/libobjc-trampolines.dylib
0x000000019abe1000 	/System/Library/PrivateFrameworks/ViewBridge.framework/Versions/A/ViewBridge
0x000000012ba00000 	/Library/Java/JavaVirtualMachines/jdk-17.0.3.1.jdk/Contents/Home/lib/libawt.dylib
0x0000000129d70000 	/Library/Java/JavaVirtualMachines/jdk-17.0.3.1.jdk/Contents/Home/lib/libmlib_image.dylib
0x00000001f6948000 	/System/Library/Frameworks/JavaRuntimeSupport.framework/Versions/A/JavaRuntimeSupport
0x00000001b2399000 	/System/Library/Frameworks/Carbon.framework/Versions/A/Carbon
0x00000001ab8d7000 	/System/Library/Frameworks/Carbon.framework/Versions/A/Frameworks/CommonPanels.framework/Versions/A/CommonPanels
0x00000001a79e6000 	/System/Library/Frameworks/Carbon.framework/Versions/A/Frameworks/Help.framework/Versions/A/Help
0x00000001ab8db000 	/System/Library/Frameworks/Carbon.framework/Versions/A/Frameworks/ImageCapture.framework/Versions/A/ImageCapture
0x00000001ab8a7000 	/System/Library/Frameworks/Carbon.framework/Versions/A/Frameworks/OpenScripting.framework/Versions/A/OpenScripting
0x00000001ab8d3000 	/System/Library/Frameworks/Carbon.framework/Versions/A/Frameworks/Ink.framework/Versions/A/Ink
0x00000001b2395000 	/System/Library/Frameworks/Carbon.framework/Versions/A/Frameworks/Print.framework/Versions/A/Print
0x00000001ab8cf000 	/System/Library/Frameworks/Carbon.framework/Versions/A/Frameworks/SecurityHI.framework/Versions/A/SecurityHI
0x000000012bbd0000 	/Library/Java/JavaVirtualMachines/jdk-17.0.3.1.jdk/Contents/Home/lib/libawt_lwawt.dylib
0x0000000129bcc000 	/Library/Java/JavaVirtualMachines/jdk-17.0.3.1.jdk/Contents/Home/lib/libosxapp.dylib
0x00000001b175b000 	/System/Library/Frameworks/ExceptionHandling.framework/Versions/A/ExceptionHandling
0x000000012be60000 	/Library/Java/JavaVirtualMachines/jdk-17.0.3.1.jdk/Contents/Home/lib/libfontmanager.dylib
0x000000012bcf4000 	/Library/Java/JavaVirtualMachines/jdk-17.0.3.1.jdk/Contents/Home/lib/libfreetype.dylib
0x000000019f58b000 	/System/Library/PrivateFrameworks/login.framework/Versions/A/login
0x0000000129d58000 	/Library/Java/JavaVirtualMachines/jdk-17.0.3.1.jdk/Contents/Home/lib/libosxui.dylib
0x000000012bab0000 	/Library/Java/JavaVirtualMachines/jdk-17.0.3.1.jdk/Contents/Home/lib/libverify.dylib
0x000000012bacc000 	/Library/Java/JavaVirtualMachines/jdk-17.0.3.1.jdk/Contents/Home/lib/libmanagement.dylib
0x000000012bae0000 	/Library/Java/JavaVirtualMachines/jdk-17.0.3.1.jdk/Contents/Home/lib/libmanagement_ext.dylib
0x000000012baf4000 	/Users/lizzikuchyna/.openjfx/cache/17.0.2-ea/libjavafx_font.dylib
0x0000000129de0000 	/Users/lizzikuchyna/.openjfx/cache/17.0.2-ea/libprism_common.dylib
0x00000001b335c000 	/System/Library/PrivateFrameworks/MallocStackLogging.framework/Versions/A/MallocStackLogging
0x0000000210c5c000 	/usr/lib/libRosetta.dylib
0x00000001a48ae000 	/System/Library/PrivateFrameworks/SystemAdministration.framework/Versions/A/SystemAdministration
0x00000001a00a1000 	/System/Library/Frameworks/MediaToolbox.framework/Versions/A/MediaToolbox
0x00000001a419b000 	/System/Library/Frameworks/DirectoryService.framework/Versions/A/DirectoryService
0x00000001a787f000 	/System/Library/PrivateFrameworks/DiskImages.framework/Versions/A/DiskImages
0x000000019d93d000 	/System/Library/Frameworks/ServiceManagement.framework/Versions/A/ServiceManagement
0x00000001a7a65000 	/System/Library/PrivateFrameworks/LoginUIKit.framework/Versions/A/Frameworks/LoginUICore.framework/Versions/A/LoginUICore
0x000000019f741000 	/usr/lib/libodfde.dylib
0x00000001a5645000 	/System/Library/PrivateFrameworks/CoreAVCHD.framework/Versions/A/CoreAVCHD
0x00000001a4870000 	/System/Library/Frameworks/MediaAccessibility.framework/Versions/A/MediaAccessibility
0x00000001a5641000 	/System/Library/PrivateFrameworks/Mangrove.framework/Versions/A/Mangrove
0x00000001a487d000 	/System/Library/PrivateFrameworks/AlgosScoreFramework.framework/Versions/A/AlgosScoreFramework
0x00000001fa8cb000 	/System/Library/PrivateFrameworks/CMPhoto.framework/Versions/A/CMPhoto
0x00000001a5635000 	/System/Library/PrivateFrameworks/CoreAUC.framework/Versions/A/CoreAUC
0x00000001a79fe000 	/usr/lib/libcurl.4.dylib
0x00000001a7754000 	/usr/lib/libcrypto.44.dylib
0x00000001a7852000 	/usr/lib/libssl.46.dylib
0x00000001a7716000 	/System/Library/Frameworks/LDAP.framework/Versions/A/LDAP
0x00000001a7752000 	/System/Library/PrivateFrameworks/TrustEvaluationAgent.framework/Versions/A/TrustEvaluationAgent
0x00000001a100b000 	/usr/lib/libsasl2.2.dylib
0x00000001a48a3000 	/System/Library/PrivateFrameworks/CoreDaemon.framework/Versions/B/CoreDaemon
0x00000001a489d000 	/System/Library/PrivateFrameworks/AppleSRP.framework/Versions/A/AppleSRP


VM Arguments:
jvm_args: -javaagent:/Applications/IntelliJ IDEA.app/Contents/lib/idea_rt.jar=55021:/Applications/IntelliJ IDEA.app/Contents/bin -Dfile.encoding=UTF-8 --module-path=/Users/lizzikuchyna/.m2/repository/com/google/code/gson/gson/2.8.6/gson-2.8.6.jar:/Users/lizzikuchyna/.m2/repository/org/openjfx/javafx-fxml/17.0.2/javafx-fxml-17.0.2-mac-aarch64.jar:/Users/lizzikuchyna/.m2/repository/org/openjfx/javafx-controls/17.0.2/javafx-controls-17.0.2-mac-aarch64.jar:/Users/lizzikuchyna/.m2/repository/org/openjfx/javafx-base/17.0.2/javafx-base-17.0.2-mac-aarch64.jar:/Users/lizzikuchyna/.m2/repository/org/projectlombok/lombok/1.18.30/lombok-1.18.30.jar:/Users/lizzikuchyna/.m2/repository/org/openjfx/javafx-graphics/17.0.2/javafx-graphics-17.0.2-mac-aarch64.jar:/Users/lizzikuchyna/.m2/repository/org/openjfx/javafx-swing/19/javafx-swing-19-mac-aarch64.jar:/Users/lizzikuchyna/IdeaUltimateProj/SE/target/classes:/Users/lizzikuchyna/.m2/repository/org/jxmapviewer/jxmapviewer2/2.6/jxmapviewer2-2.6.jar -Djdk.module.main=com.example.mapsdemo 
java_command: com.example.mapsdemo/APP.main
java_class_path (initial): /Users/lizzikuchyna/.m2/repository/org/postgresql/postgresql/42.6.0/postgresql-42.6.0.jar:/Users/lizzikuchyna/.m2/repository/org/checkerframework/checker-qual/3.31.0/checker-qual-3.31.0.jar:/Users/lizzikuchyna/.m2/repository/commons-logging/commons-logging/1.1.3/commons-logging-1.1.3.jar:/Users/lizzikuchyna/.m2/repository/org/openjfx/javafx-controls/17.0.2/javafx-controls-17.0.2.jar:/Users/lizzikuchyna/.m2/repository/org/openjfx/javafx-graphics/17.0.2/javafx-graphics-17.0.2.jar:/Users/lizzikuchyna/.m2/repository/org/openjfx/javafx-base/17.0.2/javafx-base-17.0.2.jar:/Users/lizzikuchyna/.m2/repository/org/openjfx/javafx-fxml/17.0.2/javafx-fxml-17.0.2.jar:/Users/lizzikuchyna/.m2/repository/org/openjfx/javafx-swing/19/javafx-swing-19.jar
Launcher Type: SUN_STANDARD

[Global flags]
     intx CICompilerCount                          = 4                                         {product} {ergonomic}
     uint ConcGCThreads                            = 2                                         {product} {ergonomic}
     uint G1ConcRefinementThreads                  = 8                                         {product} {ergonomic}
   size_t G1HeapRegionSize                         = 1048576                                   {product} {ergonomic}
    uintx GCDrainStackTargetSize                   = 64                                        {product} {ergonomic}
   size_t InitialHeapSize                          = 134217728                                 {product} {ergonomic}
   size_t MarkStackSize                            = 4194304                                   {product} {ergonomic}
   size_t MaxHeapSize                              = 2147483648                                {product} {ergonomic}
   size_t MaxNewSize                               = 1287651328                                {product} {ergonomic}
   size_t MinHeapDeltaBytes                        = 1048576                                   {product} {ergonomic}
   size_t MinHeapSize                              = 8388608                                   {product} {ergonomic}
    uintx NonNMethodCodeHeapSize                   = 5839564                                {pd product} {ergonomic}
    uintx NonProfiledCodeHeapSize                  = 122909338                              {pd product} {ergonomic}
    uintx ProfiledCodeHeapSize                     = 122909338                              {pd product} {ergonomic}
    uintx ReservedCodeCacheSize                    = 251658240                              {pd product} {ergonomic}
     bool SegmentedCodeCache                       = true                                      {product} {ergonomic}
   size_t SoftMaxHeapSize                          = 2147483648                             {manageable} {ergonomic}
     bool UseCompressedClassPointers               = true                           {product lp64_product} {ergonomic}
     bool UseCompressedOops                        = true                           {product lp64_product} {ergonomic}
     bool UseG1GC                                  = true                                      {product} {ergonomic}
     bool UseNUMA                                  = false                                     {product} {ergonomic}
     bool UseNUMAInterleaving                      = false                                     {product} {ergonomic}

Logging:
Log output configuration:
 #0: stdout all=warning uptime,level,tags
 #1: stderr all=off uptime,level,tags

Environment Variables:
PATH=/Users/lizzikuchyna/apache-maven-3.9.1/bin:/Library/Frameworks/Python.framework/Versions/3.10/bin:/usr/local/bin:/usr/bin:/bin:/usr/sbin:/sbin:/Library/Apple/usr/bin:/Users/lizzikuchyna/Library/Application Support/JetBrains/Toolbox/scripts#
SHELL=/bin/zsh
LC_CTYPE=en_CA.UTF-8

Signal Handlers:
   SIGSEGV: _ZL13crash_handleriP9__siginfoPv in libjvm.dylib, mask=11100110000111110111111111111111, flags=SA_RESTART|SA_SIGINFO
    SIGBUS: _ZL13crash_handleriP9__siginfoPv in libjvm.dylib, mask=11100110000111110111111111111111, flags=SA_RESTART|SA_SIGINFO
    SIGFPE: _ZL13crash_handleriP9__siginfoPv in libjvm.dylib, mask=11100110000111110111111111111111, flags=SA_RESTART|SA_SIGINFO
   SIGPIPE: _ZL17javaSignalHandleriP9__siginfoPv in libjvm.dylib, mask=11100110000111110111111111111111, flags=SA_RESTART|SA_SIGINFO
   SIGXFSZ: _ZL17javaSignalHandleriP9__siginfoPv in libjvm.dylib, mask=11100110000111110111111111111111, flags=SA_RESTART|SA_SIGINFO
    SIGILL: _ZL13crash_handleriP9__siginfoPv in libjvm.dylib, mask=11100110000111110111111111111111, flags=SA_RESTART|SA_SIGINFO
   SIGUSR2: _ZL10SR_handleriP9__siginfoP17__darwin_ucontext in libjvm.dylib, mask=00100000000000000000000000000000, flags=SA_RESTART|SA_SIGINFO
    SIGHUP: _ZL11UserHandleriPvS_ in libjvm.dylib, mask=11100110000111110111111111111111, flags=SA_RESTART|SA_SIGINFO
    SIGINT: _ZL11UserHandleriPvS_ in libjvm.dylib, mask=11100110000111110111111111111111, flags=SA_RESTART|SA_SIGINFO
   SIGTERM: _ZL11UserHandleriPvS_ in libjvm.dylib, mask=11100110000111110111111111111111, flags=SA_RESTART|SA_SIGINFO
   SIGQUIT: _ZL11UserHandleriPvS_ in libjvm.dylib, mask=11100110000111110111111111111111, flags=SA_RESTART|SA_SIGINFO
   SIGTRAP: _ZL13crash_handleriP9__siginfoPv in libjvm.dylib, mask=11100110000111110111111111111111, flags=SA_RESTART|SA_SIGINFO


---------------  S Y S T E M  ---------------

OS:
uname: Darwin 21.3.0 Darwin Kernel Version 21.3.0: Wed Jan  5 21:37:58 PST 2022; root:xnu-8019.80.24~20/RELEASE_ARM64_T8101 arm64
OS uptime: 14 days 1:19 hours
rlimit (soft/hard): STACK 8176k/65520k , CORE 0k/infinity , NPROC 1333/2000 , NOFILE 10240/infinity , AS infinity/infinity , CPU infinity/infinity , DATA infinity/infinity , FSIZE infinity/infinity , MEMLOCK infinity/infinity , RSS infinity/infinity
load average: 1.78 2.24 2.31

CPU: total 8 (initial active 8) 0x61:0x0:0x1b588bb3:0, fp, simd, crc, lse

Memory: 16k page, physical 8388608k(89504k free), swap 7340032k(566016k free)

vm_info: Java HotSpot(TM) 64-Bit Server VM (17.0.3.1+2-LTS-6) for bsd-aarch64 JRE (17.0.3.1+2-LTS-6), built on Apr 25 2022 20:48:14 by "mach5one" with clang Apple LLVM 12.0.0 (clang-1200.0.32.29)

END.
